      {
        "_index": "wazuh-alerts-4.x-2026.02.28",
        "_id": "7WTnpJwBBC6tkGLNSuLU",
        "_score": null,
        "_source": {
          "agent": {
            "ip": "192.168.150.180",
            "name": "DC01",
            "id": "008"
          },
          "manager": {
            "name": "wazuh-server"
          },
          "data": {
            "win": {
              "eventdata": {
                "subjectLogonId": "0x3e7",
                "subjectDomainName": "XPTO",
                "authenticationPackageName": "Negotiate",
                "subStatus": "0xc0000073",
                "logonProcessName": "Advapi",
                "keyLength": "0",
                "subjectUserSid": "S-1-5-18",
                "processId": "0x3e0",
                "processName": "C:\\\\Windows\\\\System32\\\\svchost.exe",
                "failureReason": "%%2304",
                "targetUserSid": "S-1-0-0",
                "logonType": "5",
                "subjectUserName": "DC01$",
                "status": "0xc0000073"
              },
              "system": {
                "eventID": "4625",
                "keywords": "0x8010000000000000",
                "providerGuid": "{54849625-5478-4994-A5BA-3E3B0328C30D}",
                "level": "0",
                "channel": "Security",
                "opcode": "0",
                "message": "\"An account failed to log on.\r\n\r\nSubject:\r\n\tSecurity ID:\t\tS-1-5-18\r\n\tAccount Name:\t\tDC01$\r\n\tAccount Domain:\t\tXPTO\r\n\tLogon ID:\t\t0x3E7\r\n\r\nLogon Type:\t\t\t5\r\n\r\nAccount For Which Logon Failed:\r\n\tSecurity ID:\t\tS-1-0-0\r\n\tAccount Name:\t\t-\r\n\tAccount Domain:\t\t-\r\n\r\nFailure Information:\r\n\tFailure Reason:\t\tAn Error occured during Logon.\r\n\tStatus:\t\t\t0xC0000073\r\n\tSub Status:\t\t0xC0000073\r\n\r\nProcess Information:\r\n\tCaller Process ID:\t0x3e0\r\n\tCaller Process Name:\tC:\\Windows\\System32\\svchost.exe\r\n\r\nNetwork Information:\r\n\tWorkstation Name:\t-\r\n\tSource Network Address:\t-\r\n\tSource Port:\t\t-\r\n\r\nDetailed Authentication Information:\r\n\tLogon Process:\t\tAdvapi  \r\n\tAuthentication Package:\tNegotiate\r\n\tTransited Services:\t-\r\n\tPackage Name (NTLM only):\t-\r\n\tKey Length:\t\t0\r\n\r\nThis event is generated when a logon request fails. It is generated on the computer where access was attempted.\r\n\r\nThe Subject fields indicate the account on the local system which requested the logon. This is most commonly a service such as the Server service, or a local process such as Winlogon.exe or Services.exe.\r\n\r\nThe Logon Type field indicates the kind of logon that was requested. The most common types are 2 (interactive) and 3 (network).\r\n\r\nThe Process Information fields indicate which account and process on the system requested the logon.\r\n\r\nThe Network Information fields indicate where a remote logon request originated. Workstation name is not always available and may be left blank in some cases.\r\n\r\nThe authentication information fields provide detailed information about this specific logon request.\r\n\t- Transited services indicate which intermediate services have participated in this logon request.\r\n\t- Package name indicates which sub-protocol was used among the NTLM protocols.\r\n\t- Key length indicates the length of the generated session key. This will be 0 if no session key was requested.\"",
                "version": "0",
                "systemTime": "2026-02-28T20:39:04.094304200Z",
                "eventRecordID": "6160",
                "threadID": "3988",
                "computer": "dc01.xpto.lab",
                "task": "12544",
                "processID": "620",
                "severityValue": "AUDIT_FAILURE",
                "providerName": "Microsoft-Windows-Security-Auditing"
              }
            }
          },
          "rule": {
            "mail": false,
            "level": 5,
            "pci_dss": [
              "10.2.4",
              "10.2.5"
            ],
            "hipaa": [
              "164.312.b"
            ],
            "tsc": [
              "CC6.1",
              "CC6.8",
              "CC7.2",
              "CC7.3"
            ],
            "description": "Logon Failure - Unknown user or bad password",
            "groups": [
              "windows",
              "windows_security",
              "authentication_failed"
            ],
            "nist_800_53": [
              "AU.14",
              "AC.7"
            ],
            "gdpr": [
              "IV_35.7.d",
              "IV_32.2"
            ],
            "firedtimes": 3,
            "mitre": {
              "technique": [
                "Account Access Removal"
              ],
              "id": [
                "T1531"
              ],
              "tactic": [
                "Impact"
              ]
            },
            "id": "60122",
            "gpg13": [
              "7.1"
            ]
          },
          "decoder": {
            "name": "windows_eventchannel"
          },
          "input": {
            "type": "log"
          },
          "@timestamp": "2026-02-28T15:39:05.629Z",
          "location": "EventChannel",
          "id": "1772293145.708807",
          "timestamp": "2026-02-28T12:39:05.629-0300"
        },
        "sort": [
          1772293145629
        ]
      },
      {
        "_index": "wazuh-alerts-4.x-2026.02.28",
        "_id": "6WTnpJwBBC6tkGLNL-J7",
        "_score": null,
        "_source": {
          "agent": {
            "ip": "192.168.150.180",
            "name": "DC01",
            "id": "008"
          },
          "manager": {
            "name": "wazuh-server"
          },
          "data": {
            "win": {
              "eventdata": {
                "serviceType": "kernel mode driver",
                "imagePath": "C:\\\\ProgramData\\\\Microsoft\\\\Windows Defender\\\\Definition Updates\\\\{DE89725F-06D6-47A7-B1A0-D76DE7AAA34E}\\\\MpKslDrv.sys",
                "startType": "demand start",
                "serviceName": "MpKsl93ff23b1"
              },
              "system": {
                "eventID": "7045",
                "eventSourceName": "Service Control Manager",
                "keywords": "0x8080000000000000",
                "providerGuid": "{555908d1-a6d7-4695-8e1e-26931d2012f4}",
                "level": "4",
                "channel": "System",
                "opcode": "0",
                "message": "\"A service was installed in the system.\r\n\r\nService Name:  MpKsl93ff23b1\r\nService File Name:  C:\\ProgramData\\Microsoft\\Windows Defender\\Definition Updates\\{DE89725F-06D6-47A7-B1A0-D76DE7AAA34E}\\MpKslDrv.sys\r\nService Type:  kernel mode driver\r\nService Start Type:  demand start\r\nService Account:  \"",
                "version": "0",
                "systemTime": "2026-02-28T20:38:54.091001800Z",
                "eventRecordID": "1831",
                "threadID": "424",
                "computer": "dc01.xpto.lab",
                "task": "0",
                "processID": "612",
                "severityValue": "INFORMATION",
                "providerName": "Service Control Manager"
              }
            }
          },
          "rule": {
            "firedtimes": 2,
            "mail": false,
            "level": 5,
            "description": "New Windows Service Created",
            "groups": [
              "windows",
              "windows_system"
            ],
            "mitre": {
              "technique": [
                "Windows Service"
              ],
              "id": [
                "T1543.003"
              ],
              "tactic": [
                "Persistence",
                "Privilege Escalation"
              ]
            },
            "id": "61138"
          },
          "decoder": {
            "name": "windows_eventchannel"
          },
          "input": {
            "type": "log"
          },
          "@timestamp": "2026-02-28T15:38:55.676Z",
          "location": "EventChannel",
          "id": "1772293135.700606",
          "timestamp": "2026-02-28T12:38:55.676-0300"
        },
        "sort": [
          1772293135676
        ]
      },
      {
        "_index": "wazuh-alerts-4.x-2026.02.28",
        "_id": "6GTnpJwBBC6tkGLNFOIj",
        "_score": null,
        "_source": {
          "agent": {
            "ip": "192.168.150.180",
            "name": "DC01",
            "id": "008"
          },
          "manager": {
            "name": "wazuh-server"
          },
          "data": {
            "win": {
              "eventdata": {
                "data": "(C:), Neither Slab Consolidation nor Slab Analysis will run if slabs are less than 8 MB. (0x8900002D)",
                "binary": "2D0000899003000098010000B20100002236B942D9B1BD381B0700000000000000000000"
              },
              "system": {
                "eventRecordID": "456",
                "eventID": "257",
                "computer": "dc01.xpto.lab",
                "task": "0",
                "keywords": "0x80000000000000",
                "level": "2",
                "severityValue": "ERROR",
                "channel": "Application",
                "message": "\"The volume (C:) was not optimized because an error was encountered: Neither Slab Consolidation nor Slab Analysis will run if slabs are less than 8 MB. (0x8900002D)\"",
                "systemTime": "2026-02-28T20:38:50.026540800Z",
                "providerName": "Microsoft-Windows-Defrag"
              }
            }
          },
          "rule": {
            "firedtimes": 2,
            "mail": false,
            "level": 9,
            "description": "Windows application error event.",
            "groups": [
              "windows",
              "windows_application",
              "system_error"
            ],
            "id": "60602",
            "gdpr": [
              "IV_35.7.d"
            ],
            "gpg13": [
              "4.3"
            ]
          },
          "decoder": {
            "name": "windows_eventchannel"
          },
          "input": {
            "type": "log"
          },
          "@timestamp": "2026-02-28T15:38:50.538Z",
          "location": "EventChannel",
          "id": "1772293130.699001",
          "timestamp": "2026-02-28T12:38:50.538-0300"
        },
        "sort": [
          1772293130538
        ]
      },
      {
        "_index": "wazuh-alerts-4.x-2026.02.28",
        "_id": "5mTnpJwBBC6tkGLNEOI6",
        "_score": null,
        "_source": {
          "agent": {
            "ip": "192.168.150.180",
            "name": "DC01",
            "id": "008"
          },
          "manager": {
            "name": "wazuh-server"
          },
          "data": {
            "win": {
              "eventdata": {
                "data": "System Reserved, Neither Slab Consolidation nor Slab Analysis will run if slabs are less than 8 MB. (0x8900002D)",
                "binary": "2D0000899003000098010000B20100002236B942D9B1BD381B0700000000000000000000"
              },
              "system": {
                "eventRecordID": "455",
                "eventID": "257",
                "computer": "dc01.xpto.lab",
                "task": "0",
                "keywords": "0x80000000000000",
                "level": "2",
                "severityValue": "ERROR",
                "channel": "Application",
                "message": "\"The volume System Reserved was not optimized because an error was encountered: Neither Slab Consolidation nor Slab Analysis will run if slabs are less than 8 MB. (0x8900002D)\"",
                "systemTime": "2026-02-28T20:38:49.354662100Z",
                "providerName": "Microsoft-Windows-Defrag"
              }
            }
          },
          "rule": {
            "firedtimes": 1,
            "mail": false,
            "level": 9,
            "description": "Windows application error event.",
            "groups": [
              "windows",
              "windows_application",
              "system_error"
            ],
            "id": "60602",
            "gdpr": [
              "IV_35.7.d"
            ],
            "gpg13": [
              "4.3"
            ]
          },
          "decoder": {
            "name": "windows_eventchannel"
          },
          "input": {
            "type": "log"
          },
          "@timestamp": "2026-02-28T15:38:49.871Z",
          "location": "EventChannel",
          "id": "1772293129.695764",
          "timestamp": "2026-02-28T12:38:49.871-0300"
        },
        "sort": [
          1772293129871
        ]
      },
      {
        "_index": "wazuh-alerts-4.x-2026.02.28",
        "_id": "5WTnpJwBBC6tkGLNDOJT",
        "_score": null,
        "_source": {
          "agent": {
            "ip": "192.168.150.180",
            "name": "DC01",
            "id": "008"
          },
          "manager": {
            "name": "wazuh-server"
          },
          "data": {
            "win": {
              "eventdata": {
                "binary": "440073005300760063000000",
                "param1": "Data Sharing Service",
                "param2": "%%3239247874"
              },
              "system": {
                "eventID": "7023",
                "eventSourceName": "Service Control Manager",
                "keywords": "0x8080000000000000",
                "providerGuid": "{555908d1-a6d7-4695-8e1e-26931d2012f4}",
                "level": "2",
                "channel": "System",
                "opcode": "0",
                "version": "0",
                "systemTime": "2026-02-28T20:38:48.254575400Z",
                "eventRecordID": "1822",
                "threadID": "76",
                "computer": "dc01.xpto.lab",
                "task": "0",
                "processID": "612",
                "severityValue": "ERROR",
                "providerName": "Service Control Manager"
              }
            }
          },
          "rule": {
            "firedtimes": 4,
            "mail": false,
            "level": 5,
            "description": "Windows System error event",
            "groups": [
              "windows",
              "windows_system",
              "system_error"
            ],
            "id": "61102",
            "gpg13": [
              "4.3"
            ],
            "gdpr": [
              "IV_35.7.d"
            ]
          },
          "decoder": {
            "name": "windows_eventchannel"
          },
          "input": {
            "type": "log"
          },
          "@timestamp": "2026-02-28T15:38:48.975Z",
          "location": "EventChannel",
          "id": "1772293128.694365",
          "timestamp": "2026-02-28T12:38:48.975-0300"
        },
        "sort": [
          1772293128975
        ]
      },
      {
        "_index": "wazuh-alerts-4.x-2026.02.28",
        "_id": "22TmpJwBBC6tkGLN6eIq",
        "_score": null,
        "_source": {
          "agent": {
            "ip": "192.168.150.58",
            "name": "Windows10",
            "id": "009"
          },
          "manager": {
            "name": "wazuh-server"
          },
          "data": {
            "win": {
              "eventdata": {
                "data": "SearchIndexer, 6664,T,97, Windows:, 0,  [1] 0.000009 +J(0) +M(C:0K, Fs:2, WS:8K # 0K, PF:0K # 0K, P:0K) [2] 0.000019 +J(0) +M(C:0K, Fs:1, WS:4K # 0K, PF:0K # 0K, P:0K) [3] 0.000041 +J(0) [4] 0.000010 +J(0) +M(C:0K, Fs:1, WS:4K # 0K, PF:0K # 0K, P:0K) [5] 0.013955 -0.000036 (6) CM -0.012757 (5) WT +J(CM:6, PgRf:0, Rd:0/6, Dy:0/0, Lg:0/0) +M(C:0K, Fs:41, WS:52K # 0K, PF:0K # 0K, P:0K) [6] 0.001574 +J(0) +M(C:0K, Fs:5, WS:-10028K # 0K, PF:-10076K # 0K, P:-10076K) [7] 0.000015 +J(0) [8] 0.003353 -0.001653 (11) WT +J(CM:0, PgRf:0, Rd:0/0, Dy:0/0, Lg:4096/2) +M(C:0K, Fs:39, WS:52K # 0K, PF:-88K # 0K, P:-88K) [9] 0.011214 -0.011139 (1) WT +J(CM:0, PgRf:0, Rd:0/0, Dy:0/0, Lg:66/1) +M(C:0K, Fs:3, WS:12K # 0K, PF:20K # 0K, P:20K) [10] 0.000008 +J(0) [11] 0.000847 -0.000115 (2) WT +J(0) [12] 0.000030 +J(0) +M(C:0K, Fs:1, WS:0K # 0K, PF:-4K # 0K, P:-4K) [13] 0.000130 +J(0) [14] 0.000018 +J(0) +M(C:0K, Fs:1, WS:-8K # 0K, PF:-32K # 0K, P:-32K) [15] 0.000007 +J(0)., 0"
              },
              "system": {
                "eventID": "103",
                "keywords": "0x80000000000000",
                "level": "4",
                "channel": "Application",
                "opcode": "0",
                "message": "\"SearchIndexer (6664,T,97) Windows: The database engine stopped the instance (0). \r\n \r\nDirty Shutdown: 0 \r\n \r\nInternal Timing Sequence: \n[1] 0.000009 +J(0) +M(C:0K, Fs:2, WS:8K # 0K, PF:0K # 0K, P:0K)\n[2] 0.000019 +J(0) +M(C:0K, Fs:1, WS:4K # 0K, PF:0K # 0K, P:0K)\n[3] 0.000041 +J(0)\n[4] 0.000010 +J(0) +M(C:0K, Fs:1, WS:4K # 0K, PF:0K # 0K, P:0K)\n[5] 0.013955 -0.000036 (6) CM -0.012757 (5) WT +J(CM:6, PgRf:0, Rd:0/6, Dy:0/0, Lg:0/0) +M(C:0K, Fs:41, WS:52K # 0K, PF:0K # 0K, P:0K)\n[6] 0.001574 +J(0) +M(C:0K, Fs:5, WS:-10028K # 0K, PF:-10076K # 0K, P:-10076K)\n[7] 0.000015 +J(0)\n[8] 0.003353 -0.001653 (11) WT +J(CM:0, PgRf:0, Rd:0/0, Dy:0/0, Lg:4096/2) +M(C:0K, Fs:39, WS:52K # 0K, PF:-88K # 0K, P:-88K)\n[9] 0.011214 -0.011139 (1) WT +J(CM:0, PgRf:0, Rd:0/0, Dy:0/0, Lg:66/1) +M(C:0K, Fs:3, WS:12K # 0K, PF:20K # 0K, P:20K)\n[10] 0.000008 +J(0)\n[11] 0.000847 -0.000115 (2) WT +J(0)\n[12] 0.000030 +J(0) +M(C:0K, Fs:1, WS:0K # 0K, PF:-4K # 0K, P:-4K)\n[13] 0.000130 +J(0)\n[14] 0.000018 +J(0) +M(C:0K, Fs:1, WS:-8K # 0K, PF:-32K # 0K, P:-32K)\n[15] 0.000007 +J(0).\"",
                "version": "0",
                "systemTime": "2026-02-28T20:38:36.6887016Z",
                "eventRecordID": "27248",
                "threadID": "0",
                "computer": "WIN10.xpto.lab",
                "task": "1",
                "processID": "0",
                "severityValue": "INFORMATION",
                "providerName": "ESENT"
              }
            }
          },
          "rule": {
            "firedtimes": 2,
            "mail": false,
            "level": 5,
            "description": "The database engine stopped an instance.",
            "groups": [
              "windows",
              "windows_application"
            ],
            "id": "60796"
          },
          "decoder": {
            "name": "windows_eventchannel"
          },
          "input": {
            "type": "log"
          },
          "@timestamp": "2026-02-28T15:38:36.596Z",
          "location": "EventChannel",
          "id": "1772293116.662718",
          "timestamp": "2026-02-28T12:38:36.596-0300"
        },
        "sort": [
          1772293116596
        ]
      },
      {
        "_index": "wazuh-alerts-4.x-2026.02.28",
        "_id": "1mTmpJwBBC6tkGLNyeLp",
        "_score": null,
        "_source": {
          "agent": {
            "ip": "192.168.150.58",
            "name": "Windows10",
            "id": "009"
          },
          "manager": {
            "name": "wazuh-server"
          },
          "data": {
            "win": {
              "eventdata": {
                "data": "SearchIndexer, 6032,T,97, Windows:, 0,  [1] 0.000008 +J(0) +M(C:0K, Fs:1, WS:4K # 0K, PF:0K # 0K, P:0K) [2] 0.000022 +J(0) +M(C:0K, Fs:1, WS:4K # 0K, PF:0K # 0K, P:0K) [3] 0.000029 +J(0) [4] 0.000006 +J(0) [5] 0.028254 -0.000340 (53) CM -0.022373 (9) WT +J(CM:53, PgRf:0, Rd:0/53, Dy:0/0, Lg:0/0) +M(C:0K, Fs:367, WS:220K # 0K, PF:332K # 0K, P:332K) [6] 0.000719 +J(0) +M(C:0K, Fs:0, WS:-4548K # 0K, PF:-9524K # 0K, P:-9524K) [7] 0.000015 +J(0) [8] 0.004014 -0.001672 (12) WT +J(CM:0, PgRf:0, Rd:0/0, Dy:0/0, Lg:3382/2) +M(C:0K, Fs:29, WS:12K # 0K, PF:-84K # 0K, P:-84K) [9] 0.000412 -0.000324 (2) WT +J(CM:0, PgRf:0, Rd:0/0, Dy:0/0, Lg:66/1) +M(C:0K, Fs:1, WS:4K # 0K, PF:20K # 0K, P:20K) [10] 0.000006 +J(0) [11] 0.000807 -0.000260 (2) WT +J(0) [12] 0.000030 +J(0) +M(C:0K, Fs:1, WS:0K # 0K, PF:-4K # 0K, P:-4K) [13] 0.000226 +J(0) +M(C:0K, Fs:0, WS:0K # 0K, PF:72K # 0K, P:72K) [14] 0.000028 +J(0) +M(C:0K, Fs:0, WS:-196K # 0K, PF:-212K # 0K, P:-212K) [15] 0.000007 +J(0)., 0"
              },
              "system": {
                "eventID": "103",
                "keywords": "0x80000000000000",
                "level": "4",
                "channel": "Application",
                "opcode": "0",
                "message": "\"SearchIndexer (6032,T,97) Windows: The database engine stopped the instance (0). \r\n \r\nDirty Shutdown: 0 \r\n \r\nInternal Timing Sequence: \n[1] 0.000008 +J(0) +M(C:0K, Fs:1, WS:4K # 0K, PF:0K # 0K, P:0K)\n[2] 0.000022 +J(0) +M(C:0K, Fs:1, WS:4K # 0K, PF:0K # 0K, P:0K)\n[3] 0.000029 +J(0)\n[4] 0.000006 +J(0)\n[5] 0.028254 -0.000340 (53) CM -0.022373 (9) WT +J(CM:53, PgRf:0, Rd:0/53, Dy:0/0, Lg:0/0) +M(C:0K, Fs:367, WS:220K # 0K, PF:332K # 0K, P:332K)\n[6] 0.000719 +J(0) +M(C:0K, Fs:0, WS:-4548K # 0K, PF:-9524K # 0K, P:-9524K)\n[7] 0.000015 +J(0)\n[8] 0.004014 -0.001672 (12) WT +J(CM:0, PgRf:0, Rd:0/0, Dy:0/0, Lg:3382/2) +M(C:0K, Fs:29, WS:12K # 0K, PF:-84K # 0K, P:-84K)\n[9] 0.000412 -0.000324 (2) WT +J(CM:0, PgRf:0, Rd:0/0, Dy:0/0, Lg:66/1) +M(C:0K, Fs:1, WS:4K # 0K, PF:20K # 0K, P:20K)\n[10] 0.000006 +J(0)\n[11] 0.000807 -0.000260 (2) WT +J(0)\n[12] 0.000030 +J(0) +M(C:0K, Fs:1, WS:0K # 0K, PF:-4K # 0K, P:-4K)\n[13] 0.000226 +J(0) +M(C:0K, Fs:0, WS:0K # 0K, PF:72K # 0K, P:72K)\n[14] 0.000028 +J(0) +M(C:0K, Fs:0, WS:-196K # 0K, PF:-212K # 0K, P:-212K)\n[15] 0.000007 +J(0).\"",
                "version": "0",
                "systemTime": "2026-02-28T20:38:29.6104240Z",
                "eventRecordID": "27241",
                "threadID": "0",
                "computer": "WIN10.xpto.lab",
                "task": "1",
                "processID": "0",
                "severityValue": "INFORMATION",
                "providerName": "ESENT"
              }
            }
          },
          "rule": {
            "firedtimes": 1,
            "mail": false,
            "level": 5,
            "description": "The database engine stopped an instance.",
            "groups": [
              "windows",
              "windows_application"
            ],
            "id": "60796"
          },
          "decoder": {
            "name": "windows_eventchannel"
          },
          "input": {
            "type": "log"
          },
          "@timestamp": "2026-02-28T15:38:29.540Z",
          "location": "EventChannel",
          "id": "1772293109.647409",
          "timestamp": "2026-02-28T12:38:29.540-0300"
        },
        "sort": [
          1772293109540
        ]
      },
      {
        "_index": "wazuh-alerts-4.x-2026.02.28",
        "_id": "wGTjpJwBBC6tkGLNauKb",
        "_score": null,
        "_source": {
          "predecoder": {
            "hostname": "docker-server",
            "program_name": "systemd",
            "timestamp": "Feb 28 15:34:43"
          },
          "agent": {
            "ip": "192.168.150.220",
            "name": "docker_server",
            "id": "002"
          },
          "manager": {
            "name": "wazuh-server"
          },
          "rule": {
            "firedtimes": 1,
            "mail": false,
            "level": 5,
            "description": "Systemd: Service exited due to a failure.",
            "groups": [
              "local",
              "systemd"
            ],
            "id": "40704",
            "gpg13": [
              "4.3"
            ],
            "gdpr": [
              "IV_35.7.d"
            ]
          },
          "decoder": {
            "name": "systemd"
          },
          "full_log": "Feb 28 15:34:43 docker-server systemd[1]: logrotate.service: Main process exited, code=exited, status=1/FAILURE",
          "input": {
            "type": "log"
          },
          "@timestamp": "2026-02-28T15:34:44.461Z",
          "location": "journald",
          "id": "1772292884.571594",
          "timestamp": "2026-02-28T12:34:44.461-0300"
        },
        "sort": [
          1772292884461
        ]
      },
      {
        "_index": "wazuh-alerts-4.x-2026.02.28",
        "_id": "qWTipJwBBC6tkGLNgOI3",
        "_score": null,
        "_source": {
          "agent": {
            "ip": "192.168.150.58",
            "name": "Windows10",
            "id": "009"
          },
          "manager": {
            "name": "wazuh-server"
          },
          "data": {
            "win": {
              "eventdata": {
                "bucketId": "05c2bee0af479a620f17b8b08695ccc555c505768bffb1ebea6973a57161026e",
                "deviceAttributes": "BaseBoardManufacturer:Intel Corporation;FirmwareManufacturer:SeaBIOS;FirmwareVersion:rel-1.17.0-0-gb52ca86e094d-prebuilt.qemu.org;OEMModelNumber:Standard PC (Q35 + ICH9, 2009);OEMModelBaseBoard:;OEMModelSystemFamily:;OEMManufacturerName:QEMU;OEMModelSKU:;OSArchitecture:amd64;",
                "updateType": "0",
                "hResult": "0"
              },
              "system": {
                "eventID": "1801",
                "keywords": "0x8000000000000000",
                "providerGuid": "{7d5387b0-cbe0-11da-a94d-0800200c9a66}",
                "level": "2",
                "channel": "System",
                "opcode": "0",
                "message": "\"Secure Boot CA/keys need to be updated. This device signature information is included here.\r\nDeviceAttributes: BaseBoardManufacturer:Intel Corporation;FirmwareManufacturer:SeaBIOS;FirmwareVersion:rel-1.17.0-0-gb52ca86e094d-prebuilt.qemu.org;OEMModelNumber:Standard PC (Q35 + ICH9, 2009);OEMModelBaseBoard:;OEMModelSystemFamily:;OEMManufacturerName:QEMU;OEMModelSKU:;OSArchitecture:amd64;\r\nBucketId: 05c2bee0af479a620f17b8b08695ccc555c505768bffb1ebea6973a57161026e\r\nBucketConfidenceLevel: \r\nUpdateType: 0\r\nHResult: The operation completed successfully.\"",
                "version": "0",
                "systemTime": "2026-02-28T20:33:45.1019714Z",
                "eventRecordID": "31450",
                "threadID": "6588",
                "computer": "WIN10.xpto.lab",
                "task": "0",
                "processID": "924",
                "severityValue": "ERROR",
                "providerName": "Microsoft-Windows-TPM-WMI"
              }
            }
          },
          "rule": {
            "firedtimes": 3,
            "mail": false,
            "level": 5,
            "description": "Windows System error event",
            "groups": [
              "windows",
              "windows_system",
              "system_error"
            ],
            "id": "61102",
            "gpg13": [
              "4.3"
            ],
            "gdpr": [
              "IV_35.7.d"
            ]
          },
          "decoder": {
            "name": "windows_eventchannel"
          },
          "input": {
            "type": "log"
          },
          "@timestamp": "2026-02-28T15:33:45.519Z",
          "location": "EventChannel",
          "id": "1772292825.468920",
          "timestamp": "2026-02-28T12:33:45.519-0300"
        },
        "sort": [
          1772292825519
        ]
      },
      {
        "_index": "wazuh-alerts-4.x-2026.02.28",
        "_id": "jmThpJwBBC6tkGLNauLc",
        "_score": null,
        "_source": {
          "agent": {
            "ip": "192.168.150.58",
            "name": "Windows10",
            "id": "009"
          },
          "manager": {
            "name": "wazuh-server"
          },
          "data": {
            "win": {
              "eventdata": {
                "serviceType": "kernel mode driver",
                "imagePath": "system32\\\\drivers\\\\wd\\\\KslD.sys",
                "startType": "demand start",
                "serviceName": "KslD"
              },
              "system": {
                "eventID": "7045",
                "eventSourceName": "Service Control Manager",
                "keywords": "0x8080000000000000",
                "providerGuid": "{555908d1-a6d7-4695-8e1e-26931d2012f4}",
                "level": "4",
                "channel": "System",
                "opcode": "0",
                "message": "\"A service was installed in the system.\r\n\r\nService Name:  KslD\r\nService File Name:  system32\\drivers\\wd\\KslD.sys\r\nService Type:  kernel mode driver\r\nService Start Type:  demand start\r\nService Account:  \"",
                "version": "0",
                "systemTime": "2026-02-28T20:32:39.2196953Z",
                "eventRecordID": "31440",
                "threadID": "1648",
                "computer": "WIN10.xpto.lab",
                "task": "0",
                "processID": "672",
                "severityValue": "INFORMATION",
                "providerName": "Service Control Manager"
              }
            }
          },
          "rule": {
            "firedtimes": 1,
            "mail": false,
            "level": 5,
            "description": "New Windows Service Created",
            "groups": [
              "windows",
              "windows_system"
            ],
            "mitre": {
              "technique": [
                "Windows Service"
              ],
              "id": [
                "T1543.003"
              ],
              "tactic": [
                "Persistence",
                "Privilege Escalation"
              ]
            },
            "id": "61138"
          },
          "decoder": {
            "name": "windows_eventchannel"
          },
          "input": {
            "type": "log"
          },
          "@timestamp": "2026-02-28T15:32:40.127Z",
          "location": "EventChannel",
          "id": "1772292760.415909",
          "timestamp": "2026-02-28T12:32:40.127-0300"
        },
        "sort": [
          1772292760127
        ]
      },
      {
        "_index": "wazuh-alerts-4.x-2026.02.28",
        "_id": "iGThpJwBBC6tkGLNauLc",
        "_score": null,
        "_source": {
          "agent": {
            "ip": "192.168.150.180",
            "name": "DC01",
            "id": "008"
          },
          "manager": {
            "name": "wazuh-server"
          },
          "data": {
            "win": {
              "eventdata": {
                "subjectLogonId": "0x3e7",
                "subjectDomainName": "XPTO",
                "authenticationPackageName": "Negotiate",
                "subStatus": "0xc0000073",
                "logonProcessName": "Advapi",
                "keyLength": "0",
                "subjectUserSid": "S-1-5-18",
                "processId": "0x3e0",
                "processName": "C:\\\\Windows\\\\System32\\\\svchost.exe",
                "failureReason": "%%2304",
                "targetUserSid": "S-1-0-0",
                "logonType": "5",
                "subjectUserName": "DC01$",
                "status": "0xc0000073"
              },
              "system": {
                "eventID": "4625",
                "keywords": "0x8010000000000000",
                "providerGuid": "{54849625-5478-4994-A5BA-3E3B0328C30D}",
                "level": "0",
                "channel": "Security",
                "opcode": "0",
                "message": "\"An account failed to log on.\r\n\r\nSubject:\r\n\tSecurity ID:\t\tS-1-5-18\r\n\tAccount Name:\t\tDC01$\r\n\tAccount Domain:\t\tXPTO\r\n\tLogon ID:\t\t0x3E7\r\n\r\nLogon Type:\t\t\t5\r\n\r\nAccount For Which Logon Failed:\r\n\tSecurity ID:\t\tS-1-0-0\r\n\tAccount Name:\t\t-\r\n\tAccount Domain:\t\t-\r\n\r\nFailure Information:\r\n\tFailure Reason:\t\tAn Error occured during Logon.\r\n\tStatus:\t\t\t0xC0000073\r\n\tSub Status:\t\t0xC0000073\r\n\r\nProcess Information:\r\n\tCaller Process ID:\t0x3e0\r\n\tCaller Process Name:\tC:\\Windows\\System32\\svchost.exe\r\n\r\nNetwork Information:\r\n\tWorkstation Name:\t-\r\n\tSource Network Address:\t-\r\n\tSource Port:\t\t-\r\n\r\nDetailed Authentication Information:\r\n\tLogon Process:\t\tAdvapi  \r\n\tAuthentication Package:\tNegotiate\r\n\tTransited Services:\t-\r\n\tPackage Name (NTLM only):\t-\r\n\tKey Length:\t\t0\r\n\r\nThis event is generated when a logon request fails. It is generated on the computer where access was attempted.\r\n\r\nThe Subject fields indicate the account on the local system which requested the logon. This is most commonly a service such as the Server service, or a local process such as Winlogon.exe or Services.exe.\r\n\r\nThe Logon Type field indicates the kind of logon that was requested. The most common types are 2 (interactive) and 3 (network).\r\n\r\nThe Process Information fields indicate which account and process on the system requested the logon.\r\n\r\nThe Network Information fields indicate where a remote logon request originated. Workstation name is not always available and may be left blank in some cases.\r\n\r\nThe authentication information fields provide detailed information about this specific logon request.\r\n\t- Transited services indicate which intermediate services have participated in this logon request.\r\n\t- Package name indicates which sub-protocol was used among the NTLM protocols.\r\n\t- Key length indicates the length of the generated session key. This will be 0 if no session key was requested.\"",
                "version": "0",
                "systemTime": "2026-02-28T20:32:34.767056000Z",
                "eventRecordID": "6074",
                "threadID": "3988",
                "computer": "dc01.xpto.lab",
                "task": "12544",
                "processID": "620",
                "severityValue": "AUDIT_FAILURE",
                "providerName": "Microsoft-Windows-Security-Auditing"
              }
            }
          },
          "rule": {
            "mail": false,
            "level": 5,
            "pci_dss": [
              "10.2.4",
              "10.2.5"
            ],
            "hipaa": [
              "164.312.b"
            ],
            "tsc": [
              "CC6.1",
              "CC6.8",
              "CC7.2",
              "CC7.3"
            ],
            "description": "Logon Failure - Unknown user or bad password",
            "groups": [
              "windows",
              "windows_security",
              "authentication_failed"
            ],
            "nist_800_53": [
              "AU.14",
              "AC.7"
            ],
            "gdpr": [
              "IV_35.7.d",
              "IV_32.2"
            ],
            "firedtimes": 2,
            "mitre": {
              "technique": [
                "Account Access Removal"
              ],
              "id": [
                "T1531"
              ],
              "tactic": [
                "Impact"
              ]
            },
            "id": "60122",
            "gpg13": [
              "7.1"
            ]
          },
          "decoder": {
            "name": "windows_eventchannel"
          },
          "input": {
            "type": "log"
          },
          "@timestamp": "2026-02-28T15:32:36.323Z",
          "location": "EventChannel",
          "id": "1772292756.387797",
          "timestamp": "2026-02-28T12:32:36.323-0300"
        },
        "sort": [
          1772292756323
        ]
      },
