{
  "hits": {
    "hits": [
      {
        "_index": "wazuh-alerts-4.x-2026.03.02",
        "_id": "ncXTsJwBY-laIPzqTYj9",
        "_score": null,
        "_source": {
          "predecoder": {
            "hostname": "docker-server",
            "program_name": "systemd",
            "timestamp": "Mar 02 23:12:41"
          },
          "agent": {
            "ip": "192.168.150.220",
            "name": "docker_server",
            "id": "002"
          },
          "manager": {
            "name": "wazuh-server"
          },
          "rule": {
            "firedtimes": 1,
            "mail": false,
            "level": 5,
            "description": "Systemd: Service exited due to a failure.",
            "groups": [
              "local",
              "systemd"
            ],
            "id": "40704",
            "gpg13": [
              "4.3"
            ],
            "gdpr": [
              "IV_35.7.d"
            ]
          },
          "decoder": {
            "name": "systemd"
          },
          "full_log": "Mar 02 23:12:41 docker-server systemd[1]: logrotate.service: Main process exited, code=exited, status=1/FAILURE",
          "input": {
            "type": "log"
          },
          "@timestamp": "2026-03-02T23:12:42.349Z",
          "location": "journald",
          "id": "1772493162.913938",
          "timestamp": "2026-03-02T20:12:42.349-0300"
        },
        "sort": [
          1772493162349
        ]
      },
      {
        "_index": "wazuh-alerts-4.x-2026.03.02",
        "_id": "g8XSsJwBY-laIPzqlohj",
        "_score": null,
        "_source": {
          "agent": {
            "ip": "192.168.150.180",
            "name": "DC01",
            "id": "008"
          },
          "manager": {
            "name": "wazuh-server"
          },
          "data": {
            "win": {
              "eventdata": {
                "binary": "440073005300760063000000",
                "param1": "Data Sharing Service",
                "param2": "%%3239247874"
              },
              "system": {
                "eventID": "7023",
                "eventSourceName": "Service Control Manager",
                "keywords": "0x8080000000000000",
                "providerGuid": "{555908d1-a6d7-4695-8e1e-26931d2012f4}",
                "level": "2",
                "channel": "System",
                "opcode": "0",
                "version": "0",
                "systemTime": "2026-03-03T04:11:49.701721100Z",
                "eventRecordID": "2258",
                "threadID": "2460",
                "computer": "dc01.xpto.lab",
                "task": "0",
                "processID": "612",
                "severityValue": "ERROR",
                "providerName": "Service Control Manager"
              }
            }
          },
          "rule": {
            "firedtimes": 4,
            "mail": false,
            "level": 5,
            "description": "Windows System error event",
            "groups": [
              "windows",
              "windows_system",
              "system_error"
            ],
            "id": "61102",
            "gpg13": [
              "4.3"
            ],
            "gdpr": [
              "IV_35.7.d"
            ]
          },
          "decoder": {
            "name": "windows_eventchannel"
          },
          "input": {
            "type": "log"
          },
          "@timestamp": "2026-03-02T23:11:51.182Z",
          "location": "EventChannel",
          "id": "1772493111.823966",
          "timestamp": "2026-03-02T20:11:51.182-0300"
        },
        "sort": [
          1772493111182
        ]
      },
      {
        "_index": "wazuh-alerts-4.x-2026.03.02",
        "_id": "gcXSsJwBY-laIPzqlohj",
        "_score": null,
        "_source": {
          "agent": {
            "ip": "192.168.150.180",
            "name": "DC01",
            "id": "008"
          },
          "manager": {
            "name": "wazuh-server"
          },
          "data": {
            "win": {
              "eventdata": {
                "binary": "440073005300760063000000",
                "param1": "Data Sharing Service",
                "param2": "%%3239247874"
              },
              "system": {
                "eventID": "7023",
                "eventSourceName": "Service Control Manager",
                "keywords": "0x8080000000000000",
                "providerGuid": "{555908d1-a6d7-4695-8e1e-26931d2012f4}",
                "level": "2",
                "channel": "System",
                "opcode": "0",
                "version": "0",
                "systemTime": "2026-03-03T04:11:49.670472300Z",
                "eventRecordID": "2254",
                "threadID": "700",
                "computer": "dc01.xpto.lab",
                "task": "0",
                "processID": "612",
                "severityValue": "ERROR",
                "providerName": "Service Control Manager"
              }
            }
          },
          "rule": {
            "firedtimes": 2,
            "mail": false,
            "level": 5,
            "description": "Windows System error event",
            "groups": [
              "windows",
              "windows_system",
              "system_error"
            ],
            "id": "61102",
            "gpg13": [
              "4.3"
            ],
            "gdpr": [
              "IV_35.7.d"
            ]
          },
          "decoder": {
            "name": "windows_eventchannel"
          },
          "input": {
            "type": "log"
          },
          "@timestamp": "2026-03-02T23:11:51.121Z",
          "location": "EventChannel",
          "id": "1772493111.821162",
          "timestamp": "2026-03-02T20:11:51.121-0300"
        },
        "sort": [
          1772493111121
        ]
      },
      {
        "_index": "wazuh-alerts-4.x-2026.03.02",
        "_id": "gsXSsJwBY-laIPzqlohj",
        "_score": null,
        "_source": {
          "agent": {
            "ip": "192.168.150.180",
            "name": "DC01",
            "id": "008"
          },
          "manager": {
            "name": "wazuh-server"
          },
          "data": {
            "win": {
              "eventdata": {
                "binary": "440073005300760063000000",
                "param1": "Data Sharing Service",
                "param2": "%%3239247874"
              },
              "system": {
                "eventID": "7023",
                "eventSourceName": "Service Control Manager",
                "keywords": "0x8080000000000000",
                "providerGuid": "{555908d1-a6d7-4695-8e1e-26931d2012f4}",
                "level": "2",
                "channel": "System",
                "opcode": "0",
                "version": "0",
                "systemTime": "2026-03-03T04:11:49.670472300Z",
                "eventRecordID": "2256",
                "threadID": "2488",
                "computer": "dc01.xpto.lab",
                "task": "0",
                "processID": "612",
                "severityValue": "ERROR",
                "providerName": "Service Control Manager"
              }
            }
          },
          "rule": {
            "firedtimes": 3,
            "mail": false,
            "level": 5,
            "description": "Windows System error event",
            "groups": [
              "windows",
              "windows_system",
              "system_error"
            ],
            "id": "61102",
            "gpg13": [
              "4.3"
            ],
            "gdpr": [
              "IV_35.7.d"
            ]
          },
          "decoder": {
            "name": "windows_eventchannel"
          },
          "input": {
            "type": "log"
          },
          "@timestamp": "2026-03-02T23:11:51.121Z",
          "location": "EventChannel",
          "id": "1772493111.822563",
          "timestamp": "2026-03-02T20:11:51.121-0300"
        },
        "sort": [
          1772493111121
        ]
      },
      {
        "_index": "wazuh-alerts-4.x-2026.03.02",
        "_id": "JsXRsJwBY-laIPzqQoiB",
        "_score": null,
        "_source": {
          "agent": {
            "ip": "192.168.150.58",
            "name": "Windows10",
            "id": "009"
          },
          "manager": {
            "name": "wazuh-server"
          },
          "data": {
            "win": {
              "eventdata": {
                "data": "SearchIndexer, 4212,T,97, Windows:, 0,  [1] 0.000009 +J(0) +M(C:0K, Fs:2, WS:8K # 8K, PF:0K # 0K, P:0K) [2] 0.000020 +J(0) +M(C:0K, Fs:1, WS:4K # 4K, PF:0K # 0K, P:0K) [3] 0.000054 +J(0) [4] 0.000008 +J(0) +M(C:0K, Fs:1, WS:4K # 4K, PF:0K # 0K, P:0K) [5] 0.030182 -0.000114 (21) CM -0.023352 (8) WT +J(CM:21, PgRf:0, Rd:0/21, Dy:0/0, Lg:0/0) +M(C:0K, Fs:166, WS:192K # 192K, PF:0K # 0K, P:0K) [6] 0.001302 +J(0) +M(C:0K, Fs:7, WS:-9540K # 8K, PF:-9876K # 0K, P:-9876K) [7] 0.000017 +J(0) [8] 0.003599 -0.001790 (12) WT +J(CM:0, PgRf:0, Rd:0/0, Dy:0/0, Lg:2835/2) +M(C:0K, Fs:40, WS:56K # 0K, PF:-80K # 0K, P:-80K) [9] 0.000371 -0.000269 (2) WT +J(CM:0, PgRf:0, Rd:0/0, Dy:0/0, Lg:66/1) +M(C:0K, Fs:1, WS:4K # 0K, PF:20K # 0K, P:20K) [10] 0.000006 +J(0) [11] 0.000906 -0.000308 (2) WT +J(0) [12] 0.000034 +J(0) +M(C:0K, Fs:1, WS:0K # 0K, PF:-4K # 0K, P:-4K) [13] 0.000162 +J(0) [14] 0.000029 +J(0) +M(C:0K, Fs:1, WS:-92K # 0K, PF:-116K # 0K, P:-116K) [15] 0.000007 +J(0)., 0"
              },
              "system": {
                "eventID": "103",
                "keywords": "0x80000000000000",
                "level": "4",
                "channel": "Application",
                "opcode": "0",
                "message": "\"SearchIndexer (4212,T,97) Windows: The database engine stopped the instance (0). \r\n \r\nDirty Shutdown: 0 \r\n \r\nInternal Timing Sequence: \n[1] 0.000009 +J(0) +M(C:0K, Fs:2, WS:8K # 8K, PF:0K # 0K, P:0K)\n[2] 0.000020 +J(0) +M(C:0K, Fs:1, WS:4K # 4K, PF:0K # 0K, P:0K)\n[3] 0.000054 +J(0)\n[4] 0.000008 +J(0) +M(C:0K, Fs:1, WS:4K # 4K, PF:0K # 0K, P:0K)\n[5] 0.030182 -0.000114 (21) CM -0.023352 (8) WT +J(CM:21, PgRf:0, Rd:0/21, Dy:0/0, Lg:0/0) +M(C:0K, Fs:166, WS:192K # 192K, PF:0K # 0K, P:0K)\n[6] 0.001302 +J(0) +M(C:0K, Fs:7, WS:-9540K # 8K, PF:-9876K # 0K, P:-9876K)\n[7] 0.000017 +J(0)\n[8] 0.003599 -0.001790 (12) WT +J(CM:0, PgRf:0, Rd:0/0, Dy:0/0, Lg:2835/2) +M(C:0K, Fs:40, WS:56K # 0K, PF:-80K # 0K, P:-80K)\n[9] 0.000371 -0.000269 (2) WT +J(CM:0, PgRf:0, Rd:0/0, Dy:0/0, Lg:66/1) +M(C:0K, Fs:1, WS:4K # 0K, PF:20K # 0K, P:20K)\n[10] 0.000006 +J(0)\n[11] 0.000906 -0.000308 (2) WT +J(0)\n[12] 0.000034 +J(0) +M(C:0K, Fs:1, WS:0K # 0K, PF:-4K # 0K, P:-4K)\n[13] 0.000162 +J(0)\n[14] 0.000029 +J(0) +M(C:0K, Fs:1, WS:-92K # 0K, PF:-116K # 0K, P:-116K)\n[15] 0.000007 +J(0).\"",
                "version": "0",
                "systemTime": "2026-03-03T04:10:26.1476652Z",
                "eventRecordID": "27462",
                "threadID": "0",
                "computer": "WIN10.xpto.lab",
                "task": "1",
                "processID": "0",
                "severityValue": "INFORMATION",
                "providerName": "ESENT"
              }
            }
          },
          "rule": {
            "firedtimes": 2,
            "mail": false,
            "level": 5,
            "description": "The database engine stopped an instance.",
            "groups": [
              "windows",
              "windows_application"
            ],
            "id": "60796"
          },
          "decoder": {
            "name": "windows_eventchannel"
          },
          "input": {
            "type": "log"
          },
          "@timestamp": "2026-03-02T23:10:27.177Z",
          "location": "EventChannel",
          "id": "1772493027.755832",
          "timestamp": "2026-03-02T20:10:27.177-0300"
        },
        "sort": [
          1772493027177
        ]
      },
      {
        "_index": "wazuh-alerts-4.x-2026.03.02",
        "_id": "EcXRsJwBY-laIPzqNojR",
        "_score": null,
        "_source": {
          "agent": {
            "ip": "192.168.150.58",
            "name": "Windows10",
            "id": "009"
          },
          "manager": {
            "name": "wazuh-server"
          },
          "data": {
            "win": {
              "eventdata": {
                "data": "SearchIndexer, 5864,T,97, Windows:, 0,  [1] 0.000008 +J(0) +M(C:0K, Fs:1, WS:4K # 0K, PF:0K # 0K, P:0K) [2] 0.000021 +J(0) +M(C:0K, Fs:1, WS:4K # 0K, PF:0K # 0K, P:0K) [3] 0.000048 +J(0) [4] 0.000006 +J(0) [5] 0.029407 -0.000390 (60) CM -0.021540 (10) WT +J(CM:60, PgRf:0, Rd:0/60, Dy:0/0, Lg:0/0) +M(C:0K, Fs:369, WS:64K # 0K, PF:8K # 0K, P:8K) [6] 0.000996 +J(0) +M(C:0K, Fs:0, WS:-3864K # 0K, PF:-10036K # 0K, P:-10036K) [7] 0.000020 +J(0) [8] 0.004656 -0.001781 (11) WT +J(CM:0, PgRf:0, Rd:0/0, Dy:0/0, Lg:3854/2) +M(C:0K, Fs:28, WS:0K # 0K, PF:-72K # 0K, P:-72K) [9] 0.000476 -0.000344 (2) WT +J(CM:0, PgRf:0, Rd:0/0, Dy:0/0, Lg:66/1) +M(C:0K, Fs:1, WS:4K # 0K, PF:0K # 0K, P:0K) [10] 0.000008 +J(0) [11] 0.001007 -0.000268 (2) WT +J(0) [12] 0.000042 +J(0) +M(C:0K, Fs:1, WS:0K # 0K, PF:-4K # 0K, P:-4K) [13] 0.000209 +J(0) [14] 0.000046 +J(0) +M(C:0K, Fs:0, WS:-244K # 0K, PF:-256K # 0K, P:-256K) [15] 0.000010 +J(0)., 0"
              },
              "system": {
                "eventID": "103",
                "keywords": "0x80000000000000",
                "level": "4",
                "channel": "Application",
                "opcode": "0",
                "message": "\"SearchIndexer (5864,T,97) Windows: The database engine stopped the instance (0). \r\n \r\nDirty Shutdown: 0 \r\n \r\nInternal Timing Sequence: \n[1] 0.000008 +J(0) +M(C:0K, Fs:1, WS:4K # 0K, PF:0K # 0K, P:0K)\n[2] 0.000021 +J(0) +M(C:0K, Fs:1, WS:4K # 0K, PF:0K # 0K, P:0K)\n[3] 0.000048 +J(0)\n[4] 0.000006 +J(0)\n[5] 0.029407 -0.000390 (60) CM -0.021540 (10) WT +J(CM:60, PgRf:0, Rd:0/60, Dy:0/0, Lg:0/0) +M(C:0K, Fs:369, WS:64K # 0K, PF:8K # 0K, P:8K)\n[6] 0.000996 +J(0) +M(C:0K, Fs:0, WS:-3864K # 0K, PF:-10036K # 0K, P:-10036K)\n[7] 0.000020 +J(0)\n[8] 0.004656 -0.001781 (11) WT +J(CM:0, PgRf:0, Rd:0/0, Dy:0/0, Lg:3854/2) +M(C:0K, Fs:28, WS:0K # 0K, PF:-72K # 0K, P:-72K)\n[9] 0.000476 -0.000344 (2) WT +J(CM:0, PgRf:0, Rd:0/0, Dy:0/0, Lg:66/1) +M(C:0K, Fs:1, WS:4K # 0K, PF:0K # 0K, P:0K)\n[10] 0.000008 +J(0)\n[11] 0.001007 -0.000268 (2) WT +J(0)\n[12] 0.000042 +J(0) +M(C:0K, Fs:1, WS:0K # 0K, PF:-4K # 0K, P:-4K)\n[13] 0.000209 +J(0)\n[14] 0.000046 +J(0) +M(C:0K, Fs:0, WS:-244K # 0K, PF:-256K # 0K, P:-256K)\n[15] 0.000010 +J(0).\"",
                "version": "0",
                "systemTime": "2026-03-03T04:10:20.6790241Z",
                "eventRecordID": "27456",
                "threadID": "0",
                "computer": "WIN10.xpto.lab",
                "task": "1",
                "processID": "0",
                "severityValue": "INFORMATION",
                "providerName": "ESENT"
              }
            }
          },
          "rule": {
            "firedtimes": 1,
            "mail": false,
            "level": 5,
            "description": "The database engine stopped an instance.",
            "groups": [
              "windows",
              "windows_application"
            ],
            "id": "60796"
          },
          "decoder": {
            "name": "windows_eventchannel"
          },
          "input": {
            "type": "log"
          },
          "@timestamp": "2026-03-02T23:10:21.711Z",
          "location": "EventChannel",
          "id": "1772493021.732231",
          "timestamp": "2026-03-02T20:10:21.711-0300"
        },
        "sort": [
          1772493021711
        ]
      },
      {
        "_index": "wazuh-alerts-4.x-2026.03.02",
        "_id": "e8XOsJwBY-laIPzqMYdK",
        "_score": null,
        "_source": {
          "agent": {
            "ip": "192.168.150.180",
            "name": "DC01",
            "id": "008"
          },
          "manager": {
            "name": "wazuh-server"
          },
          "data": {
            "win": {
              "eventdata": {
                "subjectLogonId": "0x3e7",
                "subjectDomainName": "XPTO",
                "authenticationPackageName": "Negotiate",
                "subStatus": "0xc0000073",
                "logonProcessName": "Advapi",
                "keyLength": "0",
                "subjectUserSid": "S-1-5-18",
                "processId": "0x544",
                "processName": "C:\\\\Windows\\\\System32\\\\svchost.exe",
                "failureReason": "%%2304",
                "targetUserSid": "S-1-0-0",
                "logonType": "5",
                "subjectUserName": "DC01$",
                "status": "0xc0000073"
              },
              "system": {
                "eventID": "4625",
                "keywords": "0x8010000000000000",
                "providerGuid": "{54849625-5478-4994-A5BA-3E3B0328C30D}",
                "level": "0",
                "channel": "Security",
                "opcode": "0",
                "message": "\"An account failed to log on.\r\n\r\nSubject:\r\n\tSecurity ID:\t\tS-1-5-18\r\n\tAccount Name:\t\tDC01$\r\n\tAccount Domain:\t\tXPTO\r\n\tLogon ID:\t\t0x3E7\r\n\r\nLogon Type:\t\t\t5\r\n\r\nAccount For Which Logon Failed:\r\n\tSecurity ID:\t\tS-1-0-0\r\n\tAccount Name:\t\t-\r\n\tAccount Domain:\t\t-\r\n\r\nFailure Information:\r\n\tFailure Reason:\t\tAn Error occured during Logon.\r\n\tStatus:\t\t\t0xC0000073\r\n\tSub Status:\t\t0xC0000073\r\n\r\nProcess Information:\r\n\tCaller Process ID:\t0x544\r\n\tCaller Process Name:\tC:\\Windows\\System32\\svchost.exe\r\n\r\nNetwork Information:\r\n\tWorkstation Name:\t-\r\n\tSource Network Address:\t-\r\n\tSource Port:\t\t-\r\n\r\nDetailed Authentication Information:\r\n\tLogon Process:\t\tAdvapi  \r\n\tAuthentication Package:\tNegotiate\r\n\tTransited Services:\t-\r\n\tPackage Name (NTLM only):\t-\r\n\tKey Length:\t\t0\r\n\r\nThis event is generated when a logon request fails. It is generated on the computer where access was attempted.\r\n\r\nThe Subject fields indicate the account on the local system which requested the logon. This is most commonly a service such as the Server service, or a local process such as Winlogon.exe or Services.exe.\r\n\r\nThe Logon Type field indicates the kind of logon that was requested. The most common types are 2 (interactive) and 3 (network).\r\n\r\nThe Process Information fields indicate which account and process on the system requested the logon.\r\n\r\nThe Network Information fields indicate where a remote logon request originated. Workstation name is not always available and may be left blank in some cases.\r\n\r\nThe authentication information fields provide detailed information about this specific logon request.\r\n\t- Transited services indicate which intermediate services have participated in this logon request.\r\n\t- Package name indicates which sub-protocol was used among the NTLM protocols.\r\n\t- Key length indicates the length of the generated session key. This will be 0 if no session key was requested.\"",
                "version": "0",
                "systemTime": "2026-03-03T04:07:04.947139800Z",
                "eventRecordID": "8649",
                "threadID": "672",
                "computer": "dc01.xpto.lab",
                "task": "12544",
                "processID": "620",
                "severityValue": "AUDIT_FAILURE",
                "providerName": "Microsoft-Windows-Security-Auditing"
              }
            }
          },
          "rule": {
            "mail": false,
            "level": 5,
            "pci_dss": [
              "10.2.4",
              "10.2.5"
            ],
            "hipaa": [
              "164.312.b"
            ],
            "tsc": [
              "CC6.1",
              "CC6.8",
              "CC7.2",
              "CC7.3"
            ],
            "description": "Logon Failure - Unknown user or bad password",
            "groups": [
              "windows",
              "windows_security",
              "authentication_failed"
            ],
            "nist_800_53": [
              "AU.14",
              "AC.7"
            ],
            "gdpr": [
              "IV_35.7.d",
              "IV_32.2"
            ],
            "firedtimes": 2,
            "mitre": {
              "technique": [
                "Account Access Removal"
              ],
              "id": [
                "T1531"
              ],
              "tactic": [
                "Impact"
              ]
            },
            "id": "60122",
            "gpg13": [
              "7.1"
            ]
          },
          "decoder": {
            "name": "windows_eventchannel"
          },
          "input": {
            "type": "log"
          },
          "@timestamp": "2026-03-02T23:07:06.321Z",
          "location": "EventChannel",
          "id": "1772492826.554714",
          "timestamp": "2026-03-02T20:07:06.321-0300"
        },
        "sort": [
          1772492826321
        ]
      },
      {
        "_index": "wazuh-alerts-4.x-2026.03.02",
        "_id": "esXOsJwBY-laIPzqMYdK",
        "_score": null,
        "_source": {
          "agent": {
            "ip": "192.168.150.180",
            "name": "DC01",
            "id": "008"
          },
          "manager": {
            "name": "wazuh-server"
          },
          "data": {
            "win": {
              "eventdata": {
                "subjectLogonId": "0x3e7",
                "subjectDomainName": "XPTO",
                "authenticationPackageName": "Negotiate",
                "subStatus": "0xc0000073",
                "logonProcessName": "Advapi",
                "keyLength": "0",
                "subjectUserSid": "S-1-5-18",
                "processId": "0x544",
                "processName": "C:\\\\Windows\\\\System32\\\\svchost.exe",
                "failureReason": "%%2304",
                "targetUserSid": "S-1-0-0",
                "logonType": "5",
                "subjectUserName": "DC01$",
                "status": "0xc0000073"
              },
              "system": {
                "eventID": "4625",
                "keywords": "0x8010000000000000",
                "providerGuid": "{54849625-5478-4994-A5BA-3E3B0328C30D}",
                "level": "0",
                "channel": "Security",
                "opcode": "0",
                "message": "\"An account failed to log on.\r\n\r\nSubject:\r\n\tSecurity ID:\t\tS-1-5-18\r\n\tAccount Name:\t\tDC01$\r\n\tAccount Domain:\t\tXPTO\r\n\tLogon ID:\t\t0x3E7\r\n\r\nLogon Type:\t\t\t5\r\n\r\nAccount For Which Logon Failed:\r\n\tSecurity ID:\t\tS-1-0-0\r\n\tAccount Name:\t\t-\r\n\tAccount Domain:\t\t-\r\n\r\nFailure Information:\r\n\tFailure Reason:\t\tAn Error occured during Logon.\r\n\tStatus:\t\t\t0xC0000073\r\n\tSub Status:\t\t0xC0000073\r\n\r\nProcess Information:\r\n\tCaller Process ID:\t0x544\r\n\tCaller Process Name:\tC:\\Windows\\System32\\svchost.exe\r\n\r\nNetwork Information:\r\n\tWorkstation Name:\t-\r\n\tSource Network Address:\t-\r\n\tSource Port:\t\t-\r\n\r\nDetailed Authentication Information:\r\n\tLogon Process:\t\tAdvapi  \r\n\tAuthentication Package:\tNegotiate\r\n\tTransited Services:\t-\r\n\tPackage Name (NTLM only):\t-\r\n\tKey Length:\t\t0\r\n\r\nThis event is generated when a logon request fails. It is generated on the computer where access was attempted.\r\n\r\nThe Subject fields indicate the account on the local system which requested the logon. This is most commonly a service such as the Server service, or a local process such as Winlogon.exe or Services.exe.\r\n\r\nThe Logon Type field indicates the kind of logon that was requested. The most common types are 2 (interactive) and 3 (network).\r\n\r\nThe Process Information fields indicate which account and process on the system requested the logon.\r\n\r\nThe Network Information fields indicate where a remote logon request originated. Workstation name is not always available and may be left blank in some cases.\r\n\r\nThe authentication information fields provide detailed information about this specific logon request.\r\n\t- Transited services indicate which intermediate services have participated in this logon request.\r\n\t- Package name indicates which sub-protocol was used among the NTLM protocols.\r\n\t- Key length indicates the length of the generated session key. This will be 0 if no session key was requested.\"",
                "version": "0",
                "systemTime": "2026-03-03T04:07:04.947015700Z",
                "eventRecordID": "8648",
                "threadID": "672",
                "computer": "dc01.xpto.lab",
                "task": "12544",
                "processID": "620",
                "severityValue": "AUDIT_FAILURE",
                "providerName": "Microsoft-Windows-Security-Auditing"
              }
            }
          },
          "rule": {
            "mail": false,
            "level": 5,
            "pci_dss": [
              "10.2.4",
              "10.2.5"
            ],
            "hipaa": [
              "164.312.b"
            ],
            "tsc": [
              "CC6.1",
              "CC6.8",
              "CC7.2",
              "CC7.3"
            ],
            "description": "Logon Failure - Unknown user or bad password",
            "groups": [
              "windows",
              "windows_security",
              "authentication_failed"
            ],
            "nist_800_53": [
              "AU.14",
              "AC.7"
            ],
            "gdpr": [
              "IV_35.7.d",
              "IV_32.2"
            ],
            "firedtimes": 1,
            "mitre": {
              "technique": [
                "Account Access Removal"
              ],
              "id": [
                "T1531"
              ],
              "tactic": [
                "Impact"
              ]
            },
            "id": "60122",
            "gpg13": [
              "7.1"
            ]
          },
          "decoder": {
            "name": "windows_eventchannel"
          },
          "input": {
            "type": "log"
          },
          "@timestamp": "2026-03-02T23:07:06.321Z",
          "location": "EventChannel",
          "id": "1772492826.548572",
          "timestamp": "2026-03-02T20:07:06.321-0300"
        },
        "sort": [
          1772492826321
        ]
      },
      {
        "_index": "wazuh-alerts-4.x-2026.03.02",
        "_id": "csXOsJwBY-laIPzqCoc3",
        "_score": null,
        "_source": {
          "agent": {
            "ip": "192.168.150.180",
            "name": "DC01",
            "id": "008"
          },
          "manager": {
            "name": "wazuh-server"
          },
          "data": {
            "win": {
              "eventdata": {
                "serviceType": "kernel mode driver",
                "imagePath": "C:\\\\ProgramData\\\\Microsoft\\\\Windows Defender\\\\Definition Updates\\\\{7804E719-D5C2-4C0E-8957-535B81BF6D86}\\\\MpKslDrv.sys",
                "startType": "demand start",
                "serviceName": "MpKsl7957bb6c"
              },
              "system": {
                "eventID": "7045",
                "eventSourceName": "Service Control Manager",
                "keywords": "0x8080000000000000",
                "providerGuid": "{555908d1-a6d7-4695-8e1e-26931d2012f4}",
                "level": "4",
                "channel": "System",
                "opcode": "0",
                "message": "\"A service was installed in the system.\r\n\r\nService Name:  MpKsl7957bb6c\r\nService File Name:  C:\\ProgramData\\Microsoft\\Windows Defender\\Definition Updates\\{7804E719-D5C2-4C0E-8957-535B81BF6D86}\\MpKslDrv.sys\r\nService Type:  kernel mode driver\r\nService Start Type:  demand start\r\nService Account:  \"",
                "version": "0",
                "systemTime": "2026-03-03T04:06:55.920457600Z",
                "eventRecordID": "2234",
                "threadID": "700",
                "computer": "dc01.xpto.lab",
                "task": "0",
                "processID": "612",
                "severityValue": "INFORMATION",
                "providerName": "Service Control Manager"
              }
            }
          },
          "rule": {
            "firedtimes": 2,
            "mail": false,
            "level": 5,
            "description": "New Windows Service Created",
            "groups": [
              "windows",
              "windows_system"
            ],
            "mitre": {
              "technique": [
                "Windows Service"
              ],
              "id": [
                "T1543.003"
              ],
              "tactic": [
                "Persistence",
                "Privilege Escalation"
              ]
            },
            "id": "61138"
          },
          "decoder": {
            "name": "windows_eventchannel"
          },
          "input": {
            "type": "log"
          },
          "@timestamp": "2026-03-02T23:06:57.304Z",
          "location": "EventChannel",
          "id": "1772492817.529555",
          "timestamp": "2026-03-02T20:06:57.304-0300"
        },
        "sort": [
          1772492817304
        ]
      },
      {
        "_index": "wazuh-alerts-4.x-2026.03.02",
        "_id": "ZcXOsJwBY-laIPzqAods",
        "_score": null,
        "_source": {
          "agent": {
            "ip": "192.168.150.180",
            "name": "DC01",
            "id": "008"
          },
          "manager": {
            "name": "wazuh-server"
          },
          "data": {
            "win": {
              "eventdata": {
                "data": "(C:), Neither Slab Consolidation nor Slab Analysis will run if slabs are less than 8 MB. (0x8900002D)",
                "binary": "2D0000899003000098010000B20100002236B942D9B1BD381B0700000000000000000000"
              },
              "system": {
                "eventRecordID": "563",
                "eventID": "257",
                "computer": "dc01.xpto.lab",
                "task": "0",
                "keywords": "0x80000000000000",
                "level": "2",
                "severityValue": "ERROR",
                "channel": "Application",
                "message": "\"The volume (C:) was not optimized because an error was encountered: Neither Slab Consolidation nor Slab Analysis will run if slabs are less than 8 MB. (0x8900002D)\"",
                "systemTime": "2026-03-03T04:06:50.616495400Z",
                "providerName": "Microsoft-Windows-Defrag"
              }
            }
          },
          "rule": {
            "firedtimes": 2,
            "mail": false,
            "level": 9,
            "description": "Windows application error event.",
            "groups": [
              "windows",
              "windows_application",
              "system_error"
            ],
            "id": "60602",
            "gdpr": [
              "IV_35.7.d"
            ],
            "gpg13": [
              "4.3"
            ]
          },
          "decoder": {
            "name": "windows_eventchannel"
          },
          "input": {
            "type": "log"
          },
          "@timestamp": "2026-03-02T23:06:51.125Z",
          "location": "EventChannel",
          "id": "1772492811.481050",
          "timestamp": "2026-03-02T20:06:51.125-0300"
        },
        "sort": [
          1772492811125
        ]
      },
      {
        "_index": "wazuh-alerts-4.x-2026.03.02",
        "_id": "ZMXOsJwBY-laIPzqAods",
        "_score": null,
        "_source": {
          "agent": {
            "ip": "192.168.150.180",
            "name": "DC01",
            "id": "008"
          },
          "manager": {
            "name": "wazuh-server"
          },
          "data": {
            "win": {
              "eventdata": {
                "binary": "440073005300760063000000",
                "param1": "Data Sharing Service",
                "param2": "%%3239247874"
              },
              "system": {
                "eventID": "7023",
                "eventSourceName": "Service Control Manager",
                "keywords": "0x8080000000000000",
                "providerGuid": "{555908d1-a6d7-4695-8e1e-26931d2012f4}",
                "level": "2",
                "channel": "System",
                "opcode": "0",
                "version": "0",
                "systemTime": "2026-03-03T04:06:49.699082400Z",
                "eventRecordID": "2228",
                "threadID": "700",
                "computer": "dc01.xpto.lab",
                "task": "0",
                "processID": "612",
                "severityValue": "ERROR",
                "providerName": "Service Control Manager"
              }
            }
          },
          "rule": {
            "firedtimes": 1,
            "mail": false,
            "level": 5,
            "description": "Windows System error event",
            "groups": [
              "windows",
              "windows_system",
              "system_error"
            ],
            "id": "61102",
            "gpg13": [
              "4.3"
            ],
            "gdpr": [
              "IV_35.7.d"
            ]
          },
          "decoder": {
            "name": "windows_eventchannel"
          },
          "input": {
            "type": "log"
          },
          "@timestamp": "2026-03-02T23:06:51.047Z",
          "location": "EventChannel",
          "id": "1772492811.479649",
          "timestamp": "2026-03-02T20:06:51.047-0300"
        },
        "sort": [
          1772492811047
        ]
      },
      {
        "_index": "wazuh-alerts-4.x-2026.03.02",
        "_id": "Y8XOsJwBY-laIPzqAods",
        "_score": null,
        "_source": {
          "agent": {
            "ip": "192.168.150.180",
            "name": "DC01",
            "id": "008"
          },
          "manager": {
            "name": "wazuh-server"
          },
          "data": {
            "win": {
              "eventdata": {
                "data": "System Reserved, Neither Slab Consolidation nor Slab Analysis will run if slabs are less than 8 MB. (0x8900002D)",
                "binary": "2D0000899003000098010000B20100002236B942D9B1BD381B0700000000000000000000"
              },
              "system": {
                "eventRecordID": "557",
                "eventID": "257",
                "computer": "dc01.xpto.lab",
                "task": "0",
                "keywords": "0x80000000000000",
                "level": "2",
                "severityValue": "ERROR",
                "channel": "Application",
                "message": "\"The volume System Reserved was not optimized because an error was encountered: Neither Slab Consolidation nor Slab Analysis will run if slabs are less than 8 MB. (0x8900002D)\"",
                "systemTime": "2026-03-03T04:06:49.932592200Z",
                "providerName": "Microsoft-Windows-Defrag"
              }
            }
          },
          "rule": {
            "firedtimes": 1,
            "mail": false,
            "level": 9,
            "description": "Windows application error event.",
            "groups": [
              "windows",
              "windows_application",
              "system_error"
            ],
            "id": "60602",
            "gdpr": [
              "IV_35.7.d"
            ],
            "gpg13": [
              "4.3"
            ]
          },
          "decoder": {
            "name": "windows_eventchannel"
          },
          "input": {
            "type": "log"
          },
          "@timestamp": "2026-03-02T23:06:50.333Z",
          "location": "EventChannel",
          "id": "1772492810.478000",
          "timestamp": "2026-03-02T20:06:50.333-0300"
        },
        "sort": [
          1772492810333
        ]
      },
      {
        "_index": "wazuh-alerts-4.x-2026.03.02",
        "_id": "XMXNsJwBY-laIPzqO4ct",
        "_score": null,
        "_source": {
          "agent": {
            "ip": "192.168.150.58",
            "name": "Windows10",
            "id": "009"
          },
          "manager": {
            "name": "wazuh-server"
          },
          "data": {
            "win": {
              "eventdata": {
                "serviceType": "user mode service",
                "accountName": "LocalSystem",
                "imagePath": "\\\"C:\\\\Program Files (x86)\\\\Google\\\\GoogleUpdater\\\\147.0.7703.0\\\\updater.exe\\\" --system --windows-service --service=update-internal",
                "startType": "auto start",
                "serviceName": "Google updater internal service (GoogleUpdaterInternalService147.0.7703.0)"
              },
              "system": {
                "eventID": "7045",
                "eventSourceName": "Service Control Manager",
                "keywords": "0x8080000000000000",
                "providerGuid": "{555908d1-a6d7-4695-8e1e-26931d2012f4}",
                "level": "4",
                "channel": "System",
                "opcode": "0",
                "message": "\"A service was installed in the system.\r\n\r\nService Name:  Google updater internal service (GoogleUpdaterInternalService147.0.7703.0)\r\nService File Name:  \"C:\\Program Files (x86)\\Google\\GoogleUpdater\\147.0.7703.0\\updater.exe\" --system --windows-service --service=update-internal\r\nService Type:  user mode service\r\nService Start Type:  auto start\r\nService Account:  LocalSystem\"",
                "version": "0",
                "systemTime": "2026-03-03T04:05:59.8819147Z",
                "eventRecordID": "31601",
                "threadID": "2112",
                "computer": "WIN10.xpto.lab",
                "task": "0",
                "processID": "672",
                "severityValue": "INFORMATION",
                "providerName": "Service Control Manager"
              }
            }
          },
          "rule": {
            "firedtimes": 1,
            "mail": false,
            "level": 5,
            "description": "New Windows Service Created",
            "groups": [
              "windows",
              "windows_system"
            ],
            "mitre": {
              "technique": [
                "Windows Service"
              ],
              "id": [
                "T1543.003"
              ],
              "tactic": [
                "Persistence",
                "Privilege Escalation"
              ]
            },
            "id": "61138"
          },
          "decoder": {
            "name": "windows_eventchannel"
          },
          "input": {
            "type": "log"
          },
          "@timestamp": "2026-03-02T23:06:01.750Z",
          "location": "EventChannel",
          "id": "1772492761.452126",
          "timestamp": "2026-03-02T20:06:01.750-0300"
        },
        "sort": [
          1772492761750
        ]
      },
      {
        "_index": "wazuh-alerts-4.x-2026.03.02",
        "_id": "UsXMsJwBY-laIPzqwYdK",
        "_score": null,
        "_source": {
          "agent": {
            "name": "wazuh-server",
            "id": "000"
          },
          "manager": {
            "name": "wazuh-server"
          },
          "data": {
            "sca": {
              "score": "50",
              "total_checks": "279",
              "file": "cis_ubuntu24-04.yml",
              "policy_id": "cis_ubuntu24-04",
              "invalid": "42",
              "description": "This document provides prescriptive guidance for establishing a secure configuration posture for Ubuntu Linux 24.04 LTS based on CIS benchmark for Ubuntu Linux 24.04 LTS.",
              "scan_id": "2046522919",
              "passed": "119",
              "failed": "118",
              "type": "summary",
              "policy": "CIS Ubuntu Linux 24.04 LTS Benchmark v1.0.0."
            }
          },
          "rule": {
            "firedtimes": 1,
            "mail": false,
            "level": 5,
            "pci_dss": [
              "2.2"
            ],
            "tsc": [
              "CC7.1",
              "CC7.2"
            ],
            "description": "SCA summary: CIS Ubuntu Linux 24.04 LTS Benchmark v1.0.0.: Score less than 80% (50)",
            "groups": [
              "sca"
            ],
            "id": "19003",
            "nist_800_53": [
              "CM.1"
            ],
            "gdpr": [
              "IV_35.7.d"
            ]
          },
          "decoder": {
            "name": "sca"
          },
          "input": {
            "type": "log"
          },
          "@timestamp": "2026-03-02T23:05:32.842Z",
          "location": "sca",
          "id": "1772492732.445408",
          "timestamp": "2026-03-02T20:05:32.842-0300"
        },
        "sort": [
          1772492732842
        ]
      },
      {
        "_index": "wazuh-alerts-4.x-2026.03.02",
        "_id": "M8XMsJwBY-laIPzqsYfP",
        "_score": null,
        "_source": {
          "agent": {
            "name": "wazuh-server",
            "id": "000"
          },
          "manager": {
            "name": "wazuh-server"
          },
          "data": {
            "sca": {
              "scan_id": "2046522919",
              "check": {
                "result": "failed",
                "remediation": "Edit the /etc/ssh/sshd_config file and add/modify the MACs line to contain a comma separated list of the site unapproved (weak) MACs preceded with a - above any Include entries: Example: MACs -hmac-md5,hmac-md5-96,hmac-ripemd160,hmac-sha1-96,umac- 64@openssh.com,hmac-md5-etm@openssh.com,hmac-md5-96-etm@openssh.com,hmac- ripemd160-etm@openssh.com,hmac-sha1-96-etm@openssh.com,umac-64- etm@openssh.com,umac-128-etm@openssh.com - IF - CVE-2023-48795 has not been reviewed and addressed, the following etm MACs should be added to the exclude list: hmac-sha1-etm@openssh.com,hmac-sha2-256- etm@openssh.com,hmac-sha2-512-etm@openssh.com Note: First occurrence of an option takes precedence. If Include locations are enabled, used, and order of precedence is understood in your environment, the entry may be created in a file in Include location.",
                "previous_result": "passed",
                "references": "https://nvd.nist.gov/vuln/detail/CVE-2023-48795,http://www.mitls.org/pages/attacks/SLOTH",
                "compliance": {
                  "pci_dss_v4": {
                    "0": "2.2.7,4.1.1,4.2.1,4.2.1.2,4.2.2,8.3.2"
                  },
                  "cis_csc_v8": "3.10",
                  "pci_dss_v3": {
                    "2": {
                      "1": "2.1.1,4.1,4.1.1,8.2.1"
                    }
                  },
                  "hipaa": "164.312(a)(2)(iv),164.312(e)(1),164.312(e)(2)(i),164.312(e)(2)(ii)",
                  "nist_sp_800-53": "AC-17(2),SC-8,SC-8(1)",
                  "mitre_tactics": "TA0006",
                  "mitre_techniques": "T1040,T1557",
                  "cis": "5.1.15",
                  "cmmc_v2": {
                    "0": "AC.L2-3.1.13,AC.L2-3.1.17,IA.L2-3.5.10,SC.L2-3.13.11,SC.L2-3.13.15,SC.L2-3.13.8"
                  },
                  "iso_27001-2013": "A.10.1.1,A.13.1.1",
                  "cis_csc_v7": "14.4,16.5",
                  "mitre_mitigations": "M1041"
                },
                "description": "This variable limits the types of MAC algorithms that SSH can use during communication. Notes: - Some organizations may have stricter requirements for approved MACs. - Ensure that MACs used are in compliance with site policy. - The only \"strong\" MACs currently FIPS 140 approved are: o HMAC-SHA1 o HMAC-SHA2-256 o HMAC-SHA2-384 o HMAC-SHA2-512.",
                "id": "35654",
                "title": "Ensure sshd MACs are configured.",
                "rationale": "MD5 and 96-bit MAC algorithms are considered weak and have been shown to increase exploitability in SSH downgrade attacks. Weak algorithms continue to have a great deal of attention as a weak spot that can be exploited with expanded computing power. An attacker that breaks the algorithm could take advantage of a MiTM position to decrypt the SSH tunnel and capture credentials and information.",
                "command": [
                  "sshd -T"
                ]
              },
              "type": "check",
              "policy": "CIS Ubuntu Linux 24.04 LTS Benchmark v1.0.0."
            }
          },
          "rule": {
            "cis_csc_v8": [
              "3.10"
            ],
            "mail": false,
            "level": 9,
            "pci_dss": [
              "2.2"
            ],
            "tsc": [
              "CC7.1",
              "CC7.2"
            ],
            "hipaa": [
              "164.312(a)(2)(iv)",
              "164.312(e)(1)",
              "164.312(e)(2)(i)",
              "164.312(e)(2)(ii)"
            ],
            "nist_sp_800-53": [
              "AC-17(2)",
              "SC-8",
              "SC-8(1)"
            ],
            "description": "CIS Ubuntu Linux 24.04 LTS Benchmark v1.0.0.: Ensure sshd MACs are configured.: Status changed from passed to failed",
            "groups": [
              "sca"
            ],
            "mitre_tactics": [
              "TA0006"
            ],
            "mitre_techniques": [
              "T1040",
              "T1557"
            ],
            "cis": [
              "5.1.15"
            ],
            "iso_27001-2013": [
              "A.10.1.1",
              "A.13.1.1"
            ],
            "nist_800_53": [
              "CM.1"
            ],
            "mitre_mitigations": [
              "M1041"
            ],
            "gdpr": [
              "IV_35.7.d"
            ],
            "firedtimes": 1,
            "id": "19011",
            "cis_csc_v7": [
              "14.4",
              "16.5"
            ]
          },
          "decoder": {
            "name": "sca"
          },
          "input": {
            "type": "log"
          },
          "@timestamp": "2026-03-02T23:05:24.529Z",
          "location": "sca",
          "id": "1772492724.416104",
          "timestamp": "2026-03-02T20:05:24.529-0300"
        },
        "sort": [
          1772492724529
        ]
      },
      {
        "_index": "wazuh-alerts-4.x-2026.03.02",
        "_id": "Be_JsJwB9-c6kHP4kTM4",
        "_score": null,
        "_source": {
          "agent": {
            "ip": "192.168.150.58",
            "name": "Windows10",
            "id": "009"
          },
          "manager": {
            "name": "wazuh-server"
          },
          "data": {
            "win": {
              "eventdata": {
                "bucketId": "05c2bee0af479a620f17b8b08695ccc555c505768bffb1ebea6973a57161026e",
                "deviceAttributes": "BaseBoardManufacturer:Intel Corporation;FirmwareManufacturer:SeaBIOS;FirmwareVersion:rel-1.17.0-0-gb52ca86e094d-prebuilt.qemu.org;OEMModelNumber:Standard PC (Q35 + ICH9, 2009);OEMModelBaseBoard:;OEMModelSystemFamily:;OEMManufacturerName:QEMU;OEMModelSKU:;OSArchitecture:amd64;",
                "updateType": "0",
                "hResult": "0"
              },
              "system": {
                "eventID": "1801",
                "keywords": "0x8000000000000000",
                "providerGuid": "{7d5387b0-cbe0-11da-a94d-0800200c9a66}",
                "level": "2",
                "channel": "System",
                "opcode": "0",
                "message": "\"Secure Boot CA/keys need to be updated. This device signature information is included here.\r\nDeviceAttributes: BaseBoardManufacturer:Intel Corporation;FirmwareManufacturer:SeaBIOS;FirmwareVersion:rel-1.17.0-0-gb52ca86e094d-prebuilt.qemu.org;OEMModelNumber:Standard PC (Q35 + ICH9, 2009);OEMModelBaseBoard:;OEMModelSystemFamily:;OEMManufacturerName:QEMU;OEMModelSKU:;OSArchitecture:amd64;\r\nBucketId: 05c2bee0af479a620f17b8b08695ccc555c505768bffb1ebea6973a57161026e\r\nBucketConfidenceLevel: \r\nUpdateType: 0\r\nHResult: The operation completed successfully.\"",
                "version": "0",
                "systemTime": "2026-03-03T04:01:54.3798104Z",
                "eventRecordID": "31599",
                "threadID": "3520",
                "computer": "WIN10.xpto.lab",
                "task": "0",
                "processID": "5572",
                "severityValue": "ERROR",
                "providerName": "Microsoft-Windows-TPM-WMI"
              }
            }
          },
          "rule": {
            "firedtimes": 1,
            "mail": false,
            "level": 5,
            "description": "Windows System error event",
            "groups": [
              "windows",
              "windows_system",
              "system_error"
            ],
            "id": "61102",
            "gpg13": [
              "4.3"
            ],
            "gdpr": [
              "IV_35.7.d"
            ]
          },
          "decoder": {
            "name": "windows_eventchannel"
          },
          "input": {
            "type": "log"
          },
          "@timestamp": "2026-03-02T23:01:56.403Z",
          "location": "EventChannel",
          "id": "1772492516.235892",
          "timestamp": "2026-03-02T20:01:56.403-0300"
        },
        "sort": [
          1772492516403
        ]
      },
