      {
        "_index": "wazuh-alerts-4.x-2026.03.02",
        "_id": "r-_FsJwB9-c6kHP4ejJy",
        "_score": null,
        "_source": {
          "agent": {
            "ip": "192.168.150.180",
            "name": "DC01",
            "id": "008"
          },
          "manager": {
            "name": "wazuh-server"
          },
          "data": {
            "win": {
              "eventdata": {
                "data": "xpto.lab. 600 IN A 192.168.150.180, %%9502, ::, 0, 0",
                "binary": "0000"
              },
              "system": {
                "eventRecordID": "2188",
                "eventID": "5774",
                "computer": "dc01.xpto.lab",
                "task": "0",
                "keywords": "0x80000000000000",
                "level": "2",
                "severityValue": "ERROR",
                "channel": "System",
                "message": "\"The dynamic registration of the DNS record 'xpto.lab. 600 IN A 192.168.150.180' failed on the following DNS server:  \r\n\r\nDNS server IP address: :: \r\nReturned Response Code (RCODE): 0 \r\nReturned Status Code: 0  \r\n\r\nFor computers and users to locate this domain controller, this record must be registered in DNS.  \r\n\r\nUSER ACTION  \r\nDetermine what might have caused this failure, resolve the problem, and initiate registration of the DNS records by the domain controller. To determine what might have caused this failure, run DCDiag.exe. To learn more about DCDiag.exe, see Help and Support Center. To initiate registration of the DNS records by this domain  controller, run 'nltest.exe /dsregdns' from the command prompt on the domain controller or restart Net Logon service. \r\n  Or, you can manually add this record to DNS, but it is not recommended.  \r\n\r\nADDITIONAL DATA \r\nError Value: Bad DNS packet.\"",
                "systemTime": "2026-03-03T03:57:27.717428600Z",
                "providerName": "NETLOGON"
              }
            }
          },
          "rule": {
            "firedtimes": 2,
            "mail": false,
            "level": 5,
            "description": "Windows System error event",
            "groups": [
              "windows",
              "windows_system",
              "system_error"
            ],
            "id": "61102",
            "gpg13": [
              "4.3"
            ],
            "gdpr": [
              "IV_35.7.d"
            ]
          },
          "decoder": {
            "name": "windows_eventchannel"
          },
          "input": {
            "type": "log"
          },
          "@timestamp": "2026-03-02T22:57:28.147Z",
          "location": "EventChannel",
          "id": "1772492248.23303",
          "timestamp": "2026-03-02T19:57:28.147-0300"
        },
        "sort": [
          1772492248147
        ]
      },
      {
        "_index": "wazuh-alerts-4.x-2026.03.02",
        "_id": "re_FsJwB9-c6kHP4RjJn",
        "_score": null,
        "_source": {
          "agent": {
            "ip": "192.168.150.180",
            "name": "DC01",
            "id": "008"
          },
          "manager": {
            "name": "wazuh-server"
          },
          "data": {
            "title": "NTFS Alternate data stream found: 'C:\\Program Files\\Spice Agent:Win32App_1'."
          },
          "rule": {
            "firedtimes": 2,
            "mail": false,
            "level": 7,
            "pci_dss": [
              "10.6.1"
            ],
            "description": "Host-based anomaly detection event (rootcheck).",
            "groups": [
              "ossec",
              "rootcheck"
            ],
            "id": "510",
            "gdpr": [
              "IV_35.7.d"
            ]
          },
          "decoder": {
            "name": "rootcheck"
          },
          "full_log": "NTFS Alternate data stream found: 'C:\\Program Files\\Spice Agent:Win32App_1'. Possible hidden content.",
          "input": {
            "type": "log"
          },
          "@timestamp": "2026-03-02T22:57:10.201Z",
          "location": "rootcheck",
          "id": "1772492230.22547",
          "timestamp": "2026-03-02T19:57:10.201-0300"
        },
        "sort": [
          1772492230201
        ]
      },
      {
        "_index": "wazuh-alerts-4.x-2026.03.02",
        "_id": "ru_FsJwB9-c6kHP4RjJn",
        "_score": null,
        "_source": {
          "agent": {
            "ip": "192.168.150.180",
            "name": "DC01",
            "id": "008"
          },
          "manager": {
            "name": "wazuh-server"
          },
          "data": {
            "title": "NTFS Alternate data stream found: 'C:\\Program Files\\Virtio-Win:Win32App_1'."
          },
          "rule": {
            "firedtimes": 3,
            "mail": false,
            "level": 7,
            "pci_dss": [
              "10.6.1"
            ],
            "description": "Host-based anomaly detection event (rootcheck).",
            "groups": [
              "ossec",
              "rootcheck"
            ],
            "id": "510",
            "gdpr": [
              "IV_35.7.d"
            ]
          },
          "decoder": {
            "name": "rootcheck"
          },
          "full_log": "NTFS Alternate data stream found: 'C:\\Program Files\\Virtio-Win:Win32App_1'. Possible hidden content.",
          "input": {
            "type": "log"
          },
          "@timestamp": "2026-03-02T22:57:10.201Z",
          "location": "rootcheck",
          "id": "1772492230.22926",
          "timestamp": "2026-03-02T19:57:10.201-0300"
        },
        "sort": [
          1772492230201
        ]
      },
      {
        "_index": "wazuh-alerts-4.x-2026.03.02",
        "_id": "rO_FsJwB9-c6kHP4RjJn",
        "_score": null,
        "_source": {
          "agent": {
            "ip": "192.168.150.180",
            "name": "DC01",
            "id": "008"
          },
          "manager": {
            "name": "wazuh-server"
          },
          "data": {
            "title": "NTFS Alternate data stream found: 'C:\\Program Files\\Qemu-ga:Win32App_1'."
          },
          "rule": {
            "firedtimes": 1,
            "mail": false,
            "level": 7,
            "pci_dss": [
              "10.6.1"
            ],
            "description": "Host-based anomaly detection event (rootcheck).",
            "groups": [
              "ossec",
              "rootcheck"
            ],
            "id": "510",
            "gdpr": [
              "IV_35.7.d"
            ]
          },
          "decoder": {
            "name": "rootcheck"
          },
          "full_log": "NTFS Alternate data stream found: 'C:\\Program Files\\Qemu-ga:Win32App_1'. Possible hidden content.",
          "input": {
            "type": "log"
          },
          "@timestamp": "2026-03-02T22:57:10.161Z",
          "location": "rootcheck",
          "id": "1772492230.22176",
          "timestamp": "2026-03-02T19:57:10.161-0300"
        },
        "sort": [
          1772492230161
        ]
      },
      {
        "_index": "wazuh-alerts-4.x-2026.03.02",
        "_id": "q-_FsJwB9-c6kHP4RjJn",
        "_score": null,
        "_source": {
          "agent": {
            "ip": "192.168.150.58",
            "name": "Windows10",
            "id": "009"
          },
          "manager": {
            "name": "wazuh-server"
          },
          "data": {
            "win": {
              "eventdata": {
                "addressLength": "128",
                "address": "02000000C0A896B4000000000000000000000000000000000000000000000000000000000000000000000000000000000000000000000000000000000000000000000000000000000000000000000000000000000000000000000000000000000000000000000000000000000000000000000000000000000000000000000000",
                "queryName": "_ldap._tcp.Default-First-Site-Name._sites.dc._msdcs.xpto.lab."
              },
              "system": {
                "eventID": "1014",
                "keywords": "0x4000000010000000",
                "providerGuid": "{1c95126e-7eea-49a9-a3fe-a378b03ddb4d}",
                "level": "3",
                "channel": "System",
                "opcode": "0",
                "message": "\"Name resolution for the name _ldap._tcp.Default-First-Site-Name._sites.dc._msdcs.xpto.lab. timed out after none of the configured DNS servers responded.\"",
                "version": "0",
                "systemTime": "2026-03-03T03:57:07.0382007Z",
                "eventRecordID": "31590",
                "threadID": "1560",
                "computer": "WIN10.xpto.lab",
                "task": "1014",
                "processID": "1264",
                "severityValue": "WARNING",
                "providerName": "Microsoft-Windows-DNS-Client"
              }
            }
          },
          "rule": {
            "firedtimes": 1,
            "mail": false,
            "level": 5,
            "description": "Name resolution for the name _ldap._tcp.Default-First-Site-Name._sites.dc._msdcs.xpto.lab. timed out",
            "groups": [
              "windows",
              "windows_system"
            ],
            "id": "61109"
          },
          "decoder": {
            "name": "windows_eventchannel"
          },
          "input": {
            "type": "log"
          },
          "@timestamp": "2026-03-02T22:57:09.068Z",
          "location": "EventChannel",
          "id": "1772492229.19913",
          "timestamp": "2026-03-02T19:57:09.068-0300"
        },
        "sort": [
          1772492229068
        ]
      },
      {
        "_index": "wazuh-alerts-4.x-2026.03.02",
        "_id": "qu_FsJwB9-c6kHP4RjJn",
        "_score": null,
        "_source": {
          "agent": {
            "ip": "192.168.150.58",
            "name": "Windows10",
            "id": "009"
          },
          "manager": {
            "name": "wazuh-server"
          },
          "data": {
            "win": {
              "eventdata": {
                "data": "XPTO, %%1311",
                "binary": "5E0000C0"
              },
              "system": {
                "eventID": "5719",
                "keywords": "0x80000000000000",
                "level": "2",
                "channel": "System",
                "opcode": "0",
                "message": "\"This computer was not able to set up a secure session with a domain controller in domain XPTO due to the following: \r\nWe can't sign you in with this credential because your domain isn't available. Make sure your device is connected to your organization's network and try again. If you previously signed in on this device with another credential, you can sign in with that credential. \r\nThis may lead to authentication problems. Make sure that this computer is connected to the network. If the problem persists, please contact your domain administrator.  \r\n\r\nADDITIONAL INFO \r\nIf this computer is a domain controller for the specified domain, it sets up the secure session to the primary domain controller emulator in the specified domain. Otherwise, this computer sets up the secure session to any domain controller in the specified domain.\"",
                "version": "0",
                "systemTime": "2026-03-03T03:57:07.0380125Z",
                "eventRecordID": "31589",
                "threadID": "0",
                "computer": "WIN10.xpto.lab",
                "task": "0",
                "processID": "0",
                "severityValue": "ERROR",
                "providerName": "NETLOGON"
              }
            }
          },
          "rule": {
            "firedtimes": 1,
            "mail": false,
            "level": 5,
            "description": "Windows System error event",
            "groups": [
              "windows",
              "windows_system",
              "system_error"
            ],
            "id": "61102",
            "gpg13": [
              "4.3"
            ],
            "gdpr": [
              "IV_35.7.d"
            ]
          },
          "decoder": {
            "name": "windows_eventchannel"
          },
          "input": {
            "type": "log"
          },
          "@timestamp": "2026-03-02T22:57:08.214Z",
          "location": "EventChannel",
          "id": "1772492228.17147",
          "timestamp": "2026-03-02T19:57:08.214-0300"
        },
        "sort": [
          1772492228214
        ]
      },
      {
        "_index": "wazuh-alerts-4.x-2026.03.02",
        "_id": "qe_FsJwB9-c6kHP4RjJn",
        "_score": null,
        "_source": {
          "agent": {
            "ip": "192.168.150.58",
            "name": "Windows10",
            "id": "009"
          },
          "manager": {
            "name": "wazuh-server"
          },
          "data": {
            "win": {
              "eventdata": {
                "data": "hr=0x8007139F, RuleId=3482d82e-ca2c-4e1f-8864-da0267b484b2;Action=AutoActivate;AppId=55c92734-d682-4d71-983e-d6ec3f16059f;SkuId=4de7cb65-cdf1-4de9-8ae8-e3cce27b9f2c;NotificationInterval=1440;Trigger=TimerEvent"
              },
              "system": {
                "eventID": "8198",
                "eventSourceName": "Software Protection Platform Service",
                "keywords": "0x80000000000000",
                "providerGuid": "{E23B33B0-C8C9-472C-A5F9-F2BDFEA0F156}",
                "level": "2",
                "channel": "Application",
                "opcode": "0",
                "message": "\"License Activation (slui.exe) failed with the following error code:\r\nhr=0x8007139F\r\nCommand-line arguments:\r\nRuleId=3482d82e-ca2c-4e1f-8864-da0267b484b2;Action=AutoActivate;AppId=55c92734-d682-4d71-983e-d6ec3f16059f;SkuId=4de7cb65-cdf1-4de9-8ae8-e3cce27b9f2c;NotificationInterval=1440;Trigger=TimerEvent\"",
                "version": "0",
                "systemTime": "2026-03-03T03:57:06.7257733Z",
                "eventRecordID": "27340",
                "threadID": "0",
                "computer": "WIN10.xpto.lab",
                "task": "0",
                "processID": "0",
                "severityValue": "ERROR",
                "providerName": "Microsoft-Windows-Security-SPP"
              }
            }
          },
          "rule": {
            "firedtimes": 1,
            "mail": false,
            "level": 5,
            "description": "License activation (slui.exe) failed.",
            "groups": [
              "windows",
              "windows_application"
            ],
            "id": "60646"
          },
          "decoder": {
            "name": "windows_eventchannel"
          },
          "input": {
            "type": "log"
          },
          "@timestamp": "2026-03-02T22:57:07.761Z",
          "location": "EventChannel",
          "id": "1772492227.14842",
          "timestamp": "2026-03-02T19:57:07.761-0300"
        },
        "sort": [
          1772492227761
        ]
      },
      {
        "_index": "wazuh-alerts-4.x-2026.03.02",
        "_id": "qO_FsJwB9-c6kHP4RjJn",
        "_score": null,
        "_source": {
          "agent": {
            "ip": "192.168.150.55",
            "name": "Zorion",
            "id": "007"
          },
          "previous_output": "Previous output:\nossec: output: 'netstat listening ports':\ntcp 0.0.0.0:22 0.0.0.0:* /usr\ntcp6 :::22 :::* /usr\ntcp 127.0.0.53:53 0.0.0.0:* 495/systemd-resolve\nudp 127.0.0.53:53 0.0.0.0:* 495/systemd-resolve\nudp6 fe80::e321:8c07:5bf:546 :::* 583/NetworkManager\ntcp 127.0.0.1:631 0.0.0.0:* 738/cupsd\ntcp6 ::1:631 :::* 738/cupsd\nudp 0.0.0.0:5353 0.0.0.0:* 580/avahi-daemon\nudp6 :::5353 :::* 580/avahi-daemon\nudp 0.0.0.0:35831 0.0.0.0:* 580/avahi-daemon\nudp6 :::49240 :::* 580/avahi-daemon",
          "manager": {
            "name": "wazuh-server"
          },
          "rule": {
            "firedtimes": 2,
            "mail": false,
            "level": 7,
            "pci_dss": [
              "10.2.7",
              "10.6.1"
            ],
            "hipaa": [
              "164.312.b"
            ],
            "tsc": [
              "CC6.8",
              "CC7.2",
              "CC7.3"
            ],
            "description": "Listened ports status (netstat) changed (new port opened or closed).",
            "groups": [
              "ossec"
            ],
            "id": "533",
            "nist_800_53": [
              "AU.14",
              "AU.6"
            ],
            "gpg13": [
              "10.1"
            ],
            "gdpr": [
              "IV_35.7.d"
            ]
          },
          "decoder": {
            "name": "ossec"
          },
          "full_log": "ossec: output: 'netstat listening ports':\ntcp 0.0.0.0:22 0.0.0.0:* /usr\ntcp6 :::22 :::* /usr\ntcp 127.0.0.53:53 0.0.0.0:* 484/systemd-resolve\nudp 127.0.0.53:53 0.0.0.0:* 484/systemd-resolve\nudp6 fe80::e321:8c07:5bf:546 :::* 579/NetworkManager\ntcp 127.0.0.1:631 0.0.0.0:* 748/cupsd\ntcp6 ::1:631 :::* 748/cupsd\nudp 0.0.0.0:5353 0.0.0.0:* 576/avahi-daemon\nudp6 :::5353 :::* 576/avahi-daemon\nudp6 :::32925 :::* 576/avahi-daemon\nudp 0.0.0.0:50275 0.0.0.0:* 576/avahi-daemon",
          "previous_log": "ossec: output: 'netstat listening ports':\ntcp 0.0.0.0:22 0.0.0.0:* /usr\ntcp6 :::22 :::* /usr\ntcp 127.0.0.53:53 0.0.0.0:* 495/systemd-resolve\nudp 127.0.0.53:53 0.0.0.0:* 495/systemd-resolve\nudp6 fe80::e321:8c07:5bf:546 :::* 583/NetworkManager\ntcp 127.0.0.1:631 0.0.0.0:* 738/cupsd\ntcp6 ::1:631 :::* 738/cupsd\nudp 0.0.0.0:5353 0.0.0.0:* 580/avahi-daemon\nudp6 :::5353 :::* 580/avahi-daemon\nudp 0.0.0.0:35831 0.0.0.0:* 580/avahi-daemon\nudp6 :::49240 :::* 580/avahi-daemon",
          "input": {
            "type": "log"
          },
          "@timestamp": "2026-03-02T22:57:05.935Z",
          "location": "netstat listening ports",
          "id": "1772492225.13562",
          "timestamp": "2026-03-02T19:57:05.935-0300"
        },
        "sort": [
          1772492225935
        ]
      },
      {
        "_index": "wazuh-alerts-4.x-2026.03.02",
        "_id": "p-_FsJwB9-c6kHP4RjJn",
        "_score": null,
        "_source": {
          "agent": {
            "ip": "192.168.150.220",
            "name": "docker_server",
            "id": "002"
          },
          "previous_output": "Previous output:\nossec: output: 'netstat listening ports':\ntcp 0.0.0.0:22 0.0.0.0:* 1/init\ntcp6 :::22 :::* 1/init\ntcp 127.0.0.53:53 0.0.0.0:* 448/systemd-resolve\ntcp 127.0.0.54:53 0.0.0.0:* 448/systemd-resolve\nudp 127.0.0.53:53 0.0.0.0:* 448/systemd-resolve\nudp 127.0.0.54:53 0.0.0.0:* 448/systemd-resolve\nudp6 fe80::be24:11ff:fe9:546 :::* 719/systemd-network\ntcp 0.0.0.0:8000 0.0.0.0:* 1470/docker-proxy\ntcp6 :::8000 :::* 1476/docker-proxy\ntcp 0.0.0.0:9443 0.0.0.0:* 1492/docker-proxy\ntcp6 :::9443 :::* 1498/docker-proxy",
          "manager": {
            "name": "wazuh-server"
          },
          "rule": {
            "firedtimes": 1,
            "mail": false,
            "level": 7,
            "pci_dss": [
              "10.2.7",
              "10.6.1"
            ],
            "hipaa": [
              "164.312.b"
            ],
            "tsc": [
              "CC6.8",
              "CC7.2",
              "CC7.3"
            ],
            "description": "Listened ports status (netstat) changed (new port opened or closed).",
            "groups": [
              "ossec"
            ],
            "id": "533",
            "nist_800_53": [
              "AU.14",
              "AU.6"
            ],
            "gpg13": [
              "10.1"
            ],
            "gdpr": [
              "IV_35.7.d"
            ]
          },
          "decoder": {
            "name": "ossec"
          },
          "full_log": "ossec: output: 'netstat listening ports':\ntcp 0.0.0.0:22 0.0.0.0:* 1/init\ntcp6 :::22 :::* 1/init\ntcp 127.0.0.53:53 0.0.0.0:* 448/systemd-resolve\ntcp 127.0.0.54:53 0.0.0.0:* 448/systemd-resolve\nudp 127.0.0.53:53 0.0.0.0:* 448/systemd-resolve\nudp 127.0.0.54:53 0.0.0.0:* 448/systemd-resolve\nudp6 fe80::be24:11ff:fe9:546 :::* 731/systemd-network\ntcp 0.0.0.0:8000 0.0.0.0:* 1476/docker-proxy\ntcp6 :::8000 :::* 1482/docker-proxy\ntcp 0.0.0.0:9443 0.0.0.0:* 1498/docker-proxy\ntcp6 :::9443 :::* 1505/docker-proxy",
          "previous_log": "ossec: output: 'netstat listening ports':\ntcp 0.0.0.0:22 0.0.0.0:* 1/init\ntcp6 :::22 :::* 1/init\ntcp 127.0.0.53:53 0.0.0.0:* 448/systemd-resolve\ntcp 127.0.0.54:53 0.0.0.0:* 448/systemd-resolve\nudp 127.0.0.53:53 0.0.0.0:* 448/systemd-resolve\nudp 127.0.0.54:53 0.0.0.0:* 448/systemd-resolve\nudp6 fe80::be24:11ff:fe9:546 :::* 719/systemd-network\ntcp 0.0.0.0:8000 0.0.0.0:* 1470/docker-proxy\ntcp6 :::8000 :::* 1476/docker-proxy\ntcp 0.0.0.0:9443 0.0.0.0:* 1492/docker-proxy\ntcp6 :::9443 :::* 1498/docker-proxy",
          "input": {
            "type": "log"
          },
          "@timestamp": "2026-03-02T22:57:05.278Z",
          "location": "netstat listening ports",
          "id": "1772492225.12201",
          "timestamp": "2026-03-02T19:57:05.278-0300"
        },
        "sort": [
          1772492225278
        ]
      },
      {
        "_index": "wazuh-alerts-4.x-2026.02.28",
        "_id": "dmT4pJwBBC6tkGLNN-MB",
        "_score": null,
        "_source": {
          "agent": {
            "ip": "192.168.150.58",
            "name": "Windows10",
            "id": "009"
          },
          "manager": {
            "name": "wazuh-server"
          },
          "data": {
            "win": {
              "eventdata": {
                "binary": "2D20436F64653A2020434F525356434330303030303737342D2043616C6C3A2020434F525356434330303030303735362D205049443A202030303030313633362D205449443A202030303030323438382D20434D443A2020433A5C57696E646F77735C73797374656D33325C76737376632E6578652020202D20557365723A204E616D653A204E5420415554484F524954595C53595354454D2C205349443A532D312D352D313820"
              },
              "system": {
                "eventID": "8224",
                "keywords": "0x80000000000000",
                "level": "4",
                "channel": "Application",
                "opcode": "0",
                "message": "\"The VSS service is shutting down due to idle timeout. \"",
                "version": "0",
                "systemTime": "2026-02-28T20:57:31.6546800Z",
                "eventRecordID": "27315",
                "threadID": "0",
                "computer": "WIN10.xpto.lab",
                "task": "0",
                "processID": "0",
                "severityValue": "INFORMATION",
                "providerName": "VSS"
              }
            }
          },
          "rule": {
            "firedtimes": 1,
            "mail": false,
            "level": 5,
            "description": "The VSS service is shutting down due to idle timeout.",
            "groups": [
              "windows",
              "windows_application"
            ],
            "id": "60702"
          },
          "decoder": {
            "name": "windows_eventchannel"
          },
          "input": {
            "type": "log"
          },
          "@timestamp": "2026-02-28T15:57:32.172Z",
          "location": "EventChannel",
          "id": "1772294252.1201675",
          "timestamp": "2026-02-28T12:57:32.172-0300"
        },
        "sort": [
          1772294252172
        ]
      },
      {
        "_index": "wazuh-alerts-4.x-2026.02.28",
        "_id": "GWTrpJwBBC6tkGLNr-Pe",
        "_score": null,
        "_source": {
          "agent": {
            "ip": "192.168.150.180",
            "name": "DC01",
            "id": "008"
          },
          "manager": {
            "name": "wazuh-server"
          },
          "data": {
            "win": {
              "eventdata": {
                "binary": "440073005300760063000000",
                "param1": "Data Sharing Service",
                "param2": "%%3239247874"
              },
              "system": {
                "eventID": "7023",
                "eventSourceName": "Service Control Manager",
                "keywords": "0x8080000000000000",
                "providerGuid": "{555908d1-a6d7-4695-8e1e-26931d2012f4}",
                "level": "2",
                "channel": "System",
                "opcode": "0",
                "version": "0",
                "systemTime": "2026-02-28T20:43:48.247266000Z",
                "eventRecordID": "1859",
                "threadID": "2696",
                "computer": "dc01.xpto.lab",
                "task": "0",
                "processID": "612",
                "severityValue": "ERROR",
                "providerName": "Service Control Manager"
              }
            }
          },
          "rule": {
            "firedtimes": 7,
            "mail": false,
            "level": 5,
            "description": "Windows System error event",
            "groups": [
              "windows",
              "windows_system",
              "system_error"
            ],
            "id": "61102",
            "gpg13": [
              "4.3"
            ],
            "gdpr": [
              "IV_35.7.d"
            ]
          },
          "decoder": {
            "name": "windows_eventchannel"
          },
          "input": {
            "type": "log"
          },
          "@timestamp": "2026-02-28T15:43:49.807Z",
          "location": "EventChannel",
          "id": "1772293429.868479",
          "timestamp": "2026-02-28T12:43:49.807-0300"
        },
        "sort": [
          1772293429807
        ]
      },
      {
        "_index": "wazuh-alerts-4.x-2026.02.28",
        "_id": "GGTrpJwBBC6tkGLNr-Pe",
        "_score": null,
        "_source": {
          "agent": {
            "ip": "192.168.150.180",
            "name": "DC01",
            "id": "008"
          },
          "manager": {
            "name": "wazuh-server"
          },
          "data": {
            "win": {
              "eventdata": {
                "binary": "440073005300760063000000",
                "param1": "Data Sharing Service",
                "param2": "%%3239247874"
              },
              "system": {
                "eventID": "7023",
                "eventSourceName": "Service Control Manager",
                "keywords": "0x8080000000000000",
                "providerGuid": "{555908d1-a6d7-4695-8e1e-26931d2012f4}",
                "level": "2",
                "channel": "System",
                "opcode": "0",
                "version": "0",
                "systemTime": "2026-02-28T20:43:48.216016800Z",
                "eventRecordID": "1857",
                "threadID": "704",
                "computer": "dc01.xpto.lab",
                "task": "0",
                "processID": "612",
                "severityValue": "ERROR",
                "providerName": "Service Control Manager"
              }
            }
          },
          "rule": {
            "firedtimes": 6,
            "mail": false,
            "level": 5,
            "description": "Windows System error event",
            "groups": [
              "windows",
              "windows_system",
              "system_error"
            ],
            "id": "61102",
            "gpg13": [
              "4.3"
            ],
            "gdpr": [
              "IV_35.7.d"
            ]
          },
          "decoder": {
            "name": "windows_eventchannel"
          },
          "input": {
            "type": "log"
          },
          "@timestamp": "2026-02-28T15:43:49.776Z",
          "location": "EventChannel",
          "id": "1772293429.867078",
          "timestamp": "2026-02-28T12:43:49.776-0300"
        },
        "sort": [
          1772293429776
        ]
      },
      {
        "_index": "wazuh-alerts-4.x-2026.02.28",
        "_id": "F2TrpJwBBC6tkGLNr-Pe",
        "_score": null,
        "_source": {
          "agent": {
            "ip": "192.168.150.180",
            "name": "DC01",
            "id": "008"
          },
          "manager": {
            "name": "wazuh-server"
          },
          "data": {
            "win": {
              "eventdata": {
                "binary": "440073005300760063000000",
                "param1": "Data Sharing Service",
                "param2": "%%3239247874"
              },
              "system": {
                "eventID": "7023",
                "eventSourceName": "Service Control Manager",
                "keywords": "0x8080000000000000",
                "providerGuid": "{555908d1-a6d7-4695-8e1e-26931d2012f4}",
                "level": "2",
                "channel": "System",
                "opcode": "0",
                "version": "0",
                "systemTime": "2026-02-28T20:43:48.216016800Z",
                "eventRecordID": "1855",
                "threadID": "424",
                "computer": "dc01.xpto.lab",
                "task": "0",
                "processID": "612",
                "severityValue": "ERROR",
                "providerName": "Service Control Manager"
              }
            }
          },
          "rule": {
            "firedtimes": 5,
            "mail": false,
            "level": 5,
            "description": "Windows System error event",
            "groups": [
              "windows",
              "windows_system",
              "system_error"
            ],
            "id": "61102",
            "gpg13": [
              "4.3"
            ],
            "gdpr": [
              "IV_35.7.d"
            ]
          },
          "decoder": {
            "name": "windows_eventchannel"
          },
          "input": {
            "type": "log"
          },
          "@timestamp": "2026-02-28T15:43:49.746Z",
          "location": "EventChannel",
          "id": "1772293429.865677",
          "timestamp": "2026-02-28T12:43:49.746-0300"
        },
        "sort": [
          1772293429746
        ]
      },
      {
        "_index": "wazuh-alerts-4.x-2026.02.28",
        "_id": "FWTrpJwBBC6tkGLNr-Pe",
        "_score": null,
        "_source": {
          "agent": {
            "ip": "192.168.150.180",
            "name": "DC01",
            "id": "008"
          },
          "manager": {
            "name": "wazuh-server"
          },
          "data": {
            "win": {
              "eventdata": {
                "subjectLogonId": "0x3e6",
                "passwordLastSet": "2/28/2026 12:43:43 PM",
                "targetUserName": "WIN10$",
                "subjectUserSid": "S-1-5-7",
                "subjectDomainName": "NT AUTHORITY",
                "targetDomainName": "XPTO",
                "targetSid": "S-1-5-21-2100037745-2273546583-140857488-1103",
                "subjectUserName": "ANONYMOUS LOGON"
              },
              "system": {
                "eventID": "4742",
                "keywords": "0x8020000000000000",
                "providerGuid": "{54849625-5478-4994-A5BA-3E3B0328C30D}",
                "level": "0",
                "channel": "Security",
                "opcode": "0",
                "message": "\"A computer account was changed.\r\n\r\nSubject:\r\n\tSecurity ID:\t\tS-1-5-7\r\n\tAccount Name:\t\tANONYMOUS LOGON\r\n\tAccount Domain:\t\tNT AUTHORITY\r\n\tLogon ID:\t\t0x3E6\r\n\r\nComputer Account That Was Changed:\r\n\tSecurity ID:\t\tS-1-5-21-2100037745-2273546583-140857488-1103\r\n\tAccount Name:\t\tWIN10$\r\n\tAccount Domain:\t\tXPTO\r\n\r\nChanged Attributes:\r\n\tSAM Account Name:\t-\r\n\tDisplay Name:\t\t-\r\n\tUser Principal Name:\t-\r\n\tHome Directory:\t\t-\r\n\tHome Drive:\t\t-\r\n\tScript Path:\t\t-\r\n\tProfile Path:\t\t-\r\n\tUser Workstations:\t-\r\n\tPassword Last Set:\t2/28/2026 12:43:43 PM\r\n\tAccount Expires:\t\t-\r\n\tPrimary Group ID:\t-\r\n\tAllowedToDelegateTo:\t-\r\n\tOld UAC Value:\t\t-\r\n\tNew UAC Value:\t\t-\r\n\tUser Account Control:\t-\r\n\tUser Parameters:\t-\r\n\tSID History:\t\t-\r\n\tLogon Hours:\t\t-\r\n\tDNS Host Name:\t\t-\r\n\tService Principal Names:\t-\r\n\r\nAdditional Information:\r\n\tPrivileges:\t\t-\"",
                "version": "0",
                "systemTime": "2026-02-28T20:43:43.965192200Z",
                "eventRecordID": "6203",
                "threadID": "812",
                "computer": "dc01.xpto.lab",
                "task": "13825",
                "processID": "620",
                "severityValue": "AUDIT_SUCCESS",
                "providerName": "Microsoft-Windows-Security-Auditing"
              }
            }
          },
          "rule": {
            "mail": false,
            "level": 5,
            "pci_dss": [
              "8.1.2",
              "10.2.5"
            ],
            "hipaa": [
              "164.312.a.2.I",
              "164.312.a.2.II",
              "164.312.b"
            ],
            "tsc": [
              "CC6.8",
              "CC7.2",
              "CC7.3"
            ],
            "description": "Computer account added/changed/deleted",
            "groups": [
              "windows",
              "windows_security",
              "account_changed"
            ],
            "nist_800_53": [
              "AC.2",
              "IA.4",
              "AU.14",
              "AC.7"
            ],
            "gdpr": [
              "IV_35.7.d",
              "IV_32.2"
            ],
            "firedtimes": 2,
            "mitre": {
              "technique": [
                "Account Manipulation",
                "Create Account",
                "Account Access Removal"
              ],
              "id": [
                "T1098",
                "T1136",
                "T1531"
              ],
              "tactic": [
                "Persistence",
                "Impact"
              ]
            },
            "id": "60121",
            "gpg13": [
              "7.10"
            ]
          },
          "decoder": {
            "name": "windows_eventchannel"
          },
          "input": {
            "type": "log"
          },
          "@timestamp": "2026-02-28T15:43:45.464Z",
          "location": "EventChannel",
          "id": "1772293425.859426",
          "timestamp": "2026-02-28T12:43:45.464-0300"
        },
        "sort": [
          1772293425464
        ]
      },
      {
        "_index": "wazuh-alerts-4.x-2026.02.28",
        "_id": "7mTnpJwBBC6tkGLNSuLU",
        "_score": null,
        "_source": {
          "agent": {
            "ip": "192.168.150.180",
            "name": "DC01",
            "id": "008"
          },
          "manager": {
            "name": "wazuh-server"
          },
          "data": {
            "win": {
              "eventdata": {
                "subjectLogonId": "0x3e7",
                "subjectDomainName": "XPTO",
                "authenticationPackageName": "Negotiate",
                "subStatus": "0xc0000073",
                "logonProcessName": "Advapi",
                "keyLength": "0",
                "subjectUserSid": "S-1-5-18",
                "processId": "0x3e0",
                "processName": "C:\\\\Windows\\\\System32\\\\svchost.exe",
                "failureReason": "%%2304",
                "targetUserSid": "S-1-0-0",
                "logonType": "5",
                "subjectUserName": "DC01$",
                "status": "0xc0000073"
              },
              "system": {
                "eventID": "4625",
                "keywords": "0x8010000000000000",
                "providerGuid": "{54849625-5478-4994-A5BA-3E3B0328C30D}",
                "level": "0",
                "channel": "Security",
                "opcode": "0",
                "message": "\"An account failed to log on.\r\n\r\nSubject:\r\n\tSecurity ID:\t\tS-1-5-18\r\n\tAccount Name:\t\tDC01$\r\n\tAccount Domain:\t\tXPTO\r\n\tLogon ID:\t\t0x3E7\r\n\r\nLogon Type:\t\t\t5\r\n\r\nAccount For Which Logon Failed:\r\n\tSecurity ID:\t\tS-1-0-0\r\n\tAccount Name:\t\t-\r\n\tAccount Domain:\t\t-\r\n\r\nFailure Information:\r\n\tFailure Reason:\t\tAn Error occured during Logon.\r\n\tStatus:\t\t\t0xC0000073\r\n\tSub Status:\t\t0xC0000073\r\n\r\nProcess Information:\r\n\tCaller Process ID:\t0x3e0\r\n\tCaller Process Name:\tC:\\Windows\\System32\\svchost.exe\r\n\r\nNetwork Information:\r\n\tWorkstation Name:\t-\r\n\tSource Network Address:\t-\r\n\tSource Port:\t\t-\r\n\r\nDetailed Authentication Information:\r\n\tLogon Process:\t\tAdvapi  \r\n\tAuthentication Package:\tNegotiate\r\n\tTransited Services:\t-\r\n\tPackage Name (NTLM only):\t-\r\n\tKey Length:\t\t0\r\n\r\nThis event is generated when a logon request fails. It is generated on the computer where access was attempted.\r\n\r\nThe Subject fields indicate the account on the local system which requested the logon. This is most commonly a service such as the Server service, or a local process such as Winlogon.exe or Services.exe.\r\n\r\nThe Logon Type field indicates the kind of logon that was requested. The most common types are 2 (interactive) and 3 (network).\r\n\r\nThe Process Information fields indicate which account and process on the system requested the logon.\r\n\r\nThe Network Information fields indicate where a remote logon request originated. Workstation name is not always available and may be left blank in some cases.\r\n\r\nThe authentication information fields provide detailed information about this specific logon request.\r\n\t- Transited services indicate which intermediate services have participated in this logon request.\r\n\t- Package name indicates which sub-protocol was used among the NTLM protocols.\r\n\t- Key length indicates the length of the generated session key. This will be 0 if no session key was requested.\"",
                "version": "0",
                "systemTime": "2026-02-28T20:39:04.094349300Z",
                "eventRecordID": "6161",
                "threadID": "3988",
                "computer": "dc01.xpto.lab",
                "task": "12544",
                "processID": "620",
                "severityValue": "AUDIT_FAILURE",
                "providerName": "Microsoft-Windows-Security-Auditing"
              }
            }
          },
          "rule": {
            "mail": false,
            "level": 5,
            "pci_dss": [
              "10.2.4",
              "10.2.5"
            ],
            "hipaa": [
              "164.312.b"
            ],
            "tsc": [
              "CC6.1",
              "CC6.8",
              "CC7.2",
              "CC7.3"
            ],
            "description": "Logon Failure - Unknown user or bad password",
            "groups": [
              "windows",
              "windows_security",
              "authentication_failed"
            ],
            "nist_800_53": [
              "AU.14",
              "AC.7"
            ],
            "gdpr": [
              "IV_35.7.d",
              "IV_32.2"
            ],
            "firedtimes": 4,
            "mitre": {
              "technique": [
                "Account Access Removal"
              ],
              "id": [
                "T1531"
              ],
              "tactic": [
                "Impact"
              ]
            },
            "id": "60122",
            "gpg13": [
              "7.1"
            ]
          },
          "decoder": {
            "name": "windows_eventchannel"
          },
          "input": {
            "type": "log"
          },
          "@timestamp": "2026-02-28T15:39:05.630Z",
          "location": "EventChannel",
          "id": "1772293145.714951",
          "timestamp": "2026-02-28T12:39:05.630-0300"
        },
        "sort": [
          1772293145630
        ]
      },
      {
        "_index": "wazuh-alerts-4.x-2026.02.28",
        "_id": "7WTnpJwBBC6tkGLNSuLU",
        "_score": null,
        "_source": {
          "agent": {
            "ip": "192.168.150.180",
            "name": "DC01",
            "id": "008"
          },
          "manager": {
            "name": "wazuh-server"
          },
          "data": {
            "win": {
              "eventdata": {
                "subjectLogonId": "0x3e7",
                "subjectDomainName": "XPTO",
                "authenticationPackageName": "Negotiate",
                "subStatus": "0xc0000073",
                "logonProcessName": "Advapi",
                "keyLength": "0",
                "subjectUserSid": "S-1-5-18",
                "processId": "0x3e0",
                "processName": "C:\\\\Windows\\\\System32\\\\svchost.exe",
                "failureReason": "%%2304",
                "targetUserSid": "S-1-0-0",
                "logonType": "5",
                "subjectUserName": "DC01$",
                "status": "0xc0000073"
              },
              "system": {
                "eventID": "4625",
                "keywords": "0x8010000000000000",
                "providerGuid": "{54849625-5478-4994-A5BA-3E3B0328C30D}",
                "level": "0",
                "channel": "Security",
                "opcode": "0",
                "message": "\"An account failed to log on.\r\n\r\nSubject:\r\n\tSecurity ID:\t\tS-1-5-18\r\n\tAccount Name:\t\tDC01$\r\n\tAccount Domain:\t\tXPTO\r\n\tLogon ID:\t\t0x3E7\r\n\r\nLogon Type:\t\t\t5\r\n\r\nAccount For Which Logon Failed:\r\n\tSecurity ID:\t\tS-1-0-0\r\n\tAccount Name:\t\t-\r\n\tAccount Domain:\t\t-\r\n\r\nFailure Information:\r\n\tFailure Reason:\t\tAn Error occured during Logon.\r\n\tStatus:\t\t\t0xC0000073\r\n\tSub Status:\t\t0xC0000073\r\n\r\nProcess Information:\r\n\tCaller Process ID:\t0x3e0\r\n\tCaller Process Name:\tC:\\Windows\\System32\\svchost.exe\r\n\r\nNetwork Information:\r\n\tWorkstation Name:\t-\r\n\tSource Network Address:\t-\r\n\tSource Port:\t\t-\r\n\r\nDetailed Authentication Information:\r\n\tLogon Process:\t\tAdvapi  \r\n\tAuthentication Package:\tNegotiate\r\n\tTransited Services:\t-\r\n\tPackage Name (NTLM only):\t-\r\n\tKey Length:\t\t0\r\n\r\nThis event is generated when a logon request fails. It is generated on the computer where access was attempted.\r\n\r\nThe Subject fields indicate the account on the local system which requested the logon. This is most commonly a service such as the Server service, or a local process such as Winlogon.exe or Services.exe.\r\n\r\nThe Logon Type field indicates the kind of logon that was requested. The most common types are 2 (interactive) and 3 (network).\r\n\r\nThe Process Information fields indicate which account and process on the system requested the logon.\r\n\r\nThe Network Information fields indicate where a remote logon request originated. Workstation name is not always available and may be left blank in some cases.\r\n\r\nThe authentication information fields provide detailed information about this specific logon request.\r\n\t- Transited services indicate which intermediate services have participated in this logon request.\r\n\t- Package name indicates which sub-protocol was used among the NTLM protocols.\r\n\t- Key length indicates the length of the generated session key. This will be 0 if no session key was requested.\"",
                "version": "0",
                "systemTime": "2026-02-28T20:39:04.094304200Z",
                "eventRecordID": "6160",
                "threadID": "3988",
                "computer": "dc01.xpto.lab",
                "task": "12544",
                "processID": "620",
                "severityValue": "AUDIT_FAILURE",
                "providerName": "Microsoft-Windows-Security-Auditing"
              }
            }
          },
          "rule": {
            "mail": false,
            "level": 5,
            "pci_dss": [
              "10.2.4",
              "10.2.5"
            ],
            "hipaa": [
              "164.312.b"
            ],
            "tsc": [
              "CC6.1",
              "CC6.8",
              "CC7.2",
              "CC7.3"
            ],
            "description": "Logon Failure - Unknown user or bad password",
            "groups": [
              "windows",
              "windows_security",
              "authentication_failed"
            ],
            "nist_800_53": [
              "AU.14",
              "AC.7"
            ],
            "gdpr": [
              "IV_35.7.d",
              "IV_32.2"
            ],
            "firedtimes": 3,
            "mitre": {
              "technique": [
                "Account Access Removal"
              ],
              "id": [
                "T1531"
              ],
              "tactic": [
                "Impact"
              ]
            },
            "id": "60122",
            "gpg13": [
              "7.1"
            ]
          },
          "decoder": {
            "name": "windows_eventchannel"
          },
          "input": {
            "type": "log"
          },
          "@timestamp": "2026-02-28T15:39:05.629Z",
          "location": "EventChannel",
          "id": "1772293145.708807",
          "timestamp": "2026-02-28T12:39:05.629-0300"
        },
        "sort": [
          1772293145629
        ]
      },
      {
        "_index": "wazuh-alerts-4.x-2026.02.28",
        "_id": "6WTnpJwBBC6tkGLNL-J7",
        "_score": null,
        "_source": {
          "agent": {
            "ip": "192.168.150.180",
            "name": "DC01",
            "id": "008"
          },
          "manager": {
            "name": "wazuh-server"
          },
          "data": {
            "win": {
              "eventdata": {
                "serviceType": "kernel mode driver",
                "imagePath": "C:\\\\ProgramData\\\\Microsoft\\\\Windows Defender\\\\Definition Updates\\\\{DE89725F-06D6-47A7-B1A0-D76DE7AAA34E}\\\\MpKslDrv.sys",
                "startType": "demand start",
                "serviceName": "MpKsl93ff23b1"
              },
              "system": {
                "eventID": "7045",
                "eventSourceName": "Service Control Manager",
                "keywords": "0x8080000000000000",
                "providerGuid": "{555908d1-a6d7-4695-8e1e-26931d2012f4}",
                "level": "4",
                "channel": "System",
                "opcode": "0",
                "message": "\"A service was installed in the system.\r\n\r\nService Name:  MpKsl93ff23b1\r\nService File Name:  C:\\ProgramData\\Microsoft\\Windows Defender\\Definition Updates\\{DE89725F-06D6-47A7-B1A0-D76DE7AAA34E}\\MpKslDrv.sys\r\nService Type:  kernel mode driver\r\nService Start Type:  demand start\r\nService Account:  \"",
                "version": "0",
                "systemTime": "2026-02-28T20:38:54.091001800Z",
                "eventRecordID": "1831",
                "threadID": "424",
                "computer": "dc01.xpto.lab",
                "task": "0",
                "processID": "612",
                "severityValue": "INFORMATION",
                "providerName": "Service Control Manager"
              }
            }
          },
          "rule": {
            "firedtimes": 2,
            "mail": false,
            "level": 5,
            "description": "New Windows Service Created",
            "groups": [
              "windows",
              "windows_system"
            ],
            "mitre": {
              "technique": [
                "Windows Service"
              ],
              "id": [
                "T1543.003"
              ],
              "tactic": [
                "Persistence",
                "Privilege Escalation"
              ]
            },
            "id": "61138"
          },
          "decoder": {
            "name": "windows_eventchannel"
          },
          "input": {
            "type": "log"
          },
          "@timestamp": "2026-02-28T15:38:55.676Z",
          "location": "EventChannel",
          "id": "1772293135.700606",
          "timestamp": "2026-02-28T12:38:55.676-0300"
        },
        "sort": [
          1772293135676
        ]
      },
      {
        "_index": "wazuh-alerts-4.x-2026.02.28",
        "_id": "6GTnpJwBBC6tkGLNFOIj",
        "_score": null,
        "_source": {
          "agent": {
            "ip": "192.168.150.180",
            "name": "DC01",
            "id": "008"
          },
          "manager": {
            "name": "wazuh-server"
          },
          "data": {
            "win": {
              "eventdata": {
                "data": "(C:), Neither Slab Consolidation nor Slab Analysis will run if slabs are less than 8 MB. (0x8900002D)",
                "binary": "2D0000899003000098010000B20100002236B942D9B1BD381B0700000000000000000000"
              },
              "system": {
                "eventRecordID": "456",
                "eventID": "257",
                "computer": "dc01.xpto.lab",
                "task": "0",
                "keywords": "0x80000000000000",
                "level": "2",
                "severityValue": "ERROR",
                "channel": "Application",
                "message": "\"The volume (C:) was not optimized because an error was encountered: Neither Slab Consolidation nor Slab Analysis will run if slabs are less than 8 MB. (0x8900002D)\"",
                "systemTime": "2026-02-28T20:38:50.026540800Z",
                "providerName": "Microsoft-Windows-Defrag"
              }
            }
          },
          "rule": {
            "firedtimes": 2,
            "mail": false,
            "level": 9,
            "description": "Windows application error event.",
            "groups": [
              "windows",
              "windows_application",
              "system_error"
            ],
            "id": "60602",
            "gdpr": [
              "IV_35.7.d"
            ],
            "gpg13": [
              "4.3"
            ]
          },
          "decoder": {
            "name": "windows_eventchannel"
          },
          "input": {
            "type": "log"
          },
          "@timestamp": "2026-02-28T15:38:50.538Z",
          "location": "EventChannel",
          "id": "1772293130.699001",
          "timestamp": "2026-02-28T12:38:50.538-0300"
        },
        "sort": [
          1772293130538
        ]
      },
